TN:
SF:/home/admin1/graphQL/Fundoo-Backend/server.js
FN:27,(anonymous_0)
FN:36,(anonymous_1)
FN:40,(anonymous_2)
FN:44,(anonymous_3)
FNF:4
FNH:3
FNDA:30,(anonymous_0)
FNDA:1,(anonymous_1)
FNDA:1,(anonymous_2)
FNDA:0,(anonymous_3)
DA:12,1
DA:13,1
DA:14,1
DA:15,1
DA:16,1
DA:17,1
DA:18,1
DA:22,1
DA:27,30
DA:36,1
DA:37,1
DA:39,1
DA:41,1
DA:45,0
DA:51,1
LF:15
LH:14
BRDA:36,0,0,1
BRDA:36,0,1,0
BRF:2
BRH:1
end_of_record
TN:
SF:/home/admin1/graphQL/Fundoo-Backend/GraphQL/Mutation/OAuth.js
FN:9,(anonymous_0)
FN:25,(anonymous_1)
FN:32,(anonymous_2)
FN:48,axiosGet
FN:60,(anonymous_4)
FN:91,(anonymous_5)
FN:98,(anonymous_6)
FNF:7
FNH:0
FNDA:0,(anonymous_0)
FNDA:0,(anonymous_1)
FNDA:0,(anonymous_2)
FNDA:0,axiosGet
FNDA:0,(anonymous_4)
FNDA:0,(anonymous_5)
FNDA:0,(anonymous_6)
DA:1,1
DA:2,1
DA:3,1
DA:4,1
DA:5,1
DA:9,1
DA:11,0
DA:12,0
DA:14,0
DA:26,0
DA:27,0
DA:29,0
DA:33,0
DA:38,0
DA:49,0
DA:61,0
DA:63,0
DA:64,0
DA:65,0
DA:67,0
DA:68,0
DA:69,0
DA:70,0
DA:71,0
DA:73,0
DA:75,0
DA:76,0
DA:78,0
DA:79,0
DA:80,0
DA:82,0
DA:87,0
DA:92,0
DA:98,1
DA:99,0
DA:100,0
DA:101,0
DA:102,0
DA:103,0
DA:110,0
LF:40
LH:7
BRDA:11,0,0,0
BRDA:11,0,1,0
BRDA:67,1,0,0
BRDA:67,1,1,0
BRDA:73,2,0,0
BRDA:73,2,1,0
BRDA:100,3,0,0
BRDA:100,3,1,0
BRDA:102,4,0,0
BRDA:102,4,1,0
BRF:10
BRH:0
end_of_record
TN:
SF:/home/admin1/graphQL/Fundoo-Backend/GraphQL/Mutation/gitBranch.js
FN:15,(anonymous_0)
FN:102,(anonymous_1)
FNF:2
FNH:2
FNDA:1,(anonymous_0)
FNDA:1,(anonymous_1)
DA:1,1
DA:2,1
DA:3,1
DA:4,1
DA:5,1
DA:8,1
DA:15,1
DA:17,1
DA:21,1
DA:22,1
DA:23,0
DA:26,1
DA:28,1
DA:30,1
DA:31,1
DA:32,1
DA:33,1
DA:35,1
DA:36,0
DA:40,1
DA:41,0
DA:47,1
DA:48,1
DA:51,1
DA:52,1
DA:53,1
DA:54,1
DA:55,1
DA:56,1
DA:57,1
DA:66,0
DA:71,0
DA:75,0
DA:79,0
DA:80,0
DA:102,1
DA:104,1
DA:108,1
DA:109,1
DA:110,0
DA:113,1
DA:115,1
DA:117,1
DA:118,1
DA:119,1
DA:120,1
DA:122,1
DA:123,0
DA:127,1
DA:128,0
DA:133,1
DA:134,1
DA:137,0
DA:138,0
DA:146,0
DA:150,1
DA:154,0
DA:158,1
DA:159,1
LF:59
LH:44
BRDA:22,0,0,0
BRDA:22,0,1,1
BRDA:22,1,0,1
BRDA:22,1,1,1
BRDA:22,1,2,1
BRDA:26,2,0,1
BRDA:26,2,1,0
BRDA:35,3,0,0
BRDA:35,3,1,1
BRDA:40,4,0,0
BRDA:40,4,1,1
BRDA:71,5,0,0
BRDA:71,5,1,0
BRDA:71,6,0,0
BRDA:71,6,1,0
BRDA:71,6,2,0
BRDA:71,6,3,0
BRDA:109,7,0,0
BRDA:109,7,1,1
BRDA:109,8,0,1
BRDA:109,8,1,1
BRDA:109,8,2,1
BRDA:113,9,0,1
BRDA:113,9,1,0
BRDA:122,10,0,0
BRDA:122,10,1,1
BRDA:127,11,0,0
BRDA:127,11,1,1
BRDA:150,12,0,0
BRDA:150,12,1,1
BRDA:150,13,0,1
BRDA:150,13,1,1
BRDA:150,13,2,1
BRDA:150,13,3,1
BRF:34
BRH:19
end_of_record
TN:
SF:/home/admin1/graphQL/Fundoo-Backend/GraphQL/Mutation/gitCollaborate.js
FN:7,(anonymous_0)
FN:45,(anonymous_1)
FN:52,(anonymous_2)
FN:69,(anonymous_3)
FN:108,(anonymous_4)
FN:115,(anonymous_5)
FNF:6
FNH:0
FNDA:0,(anonymous_0)
FNDA:0,(anonymous_1)
FNDA:0,(anonymous_2)
FNDA:0,(anonymous_3)
FNDA:0,(anonymous_4)
FNDA:0,(anonymous_5)
DA:1,1
DA:2,1
DA:3,1
DA:7,1
DA:9,0
DA:11,0
DA:13,0
DA:14,0
DA:15,0
DA:16,0
DA:18,0
DA:19,0
DA:26,0
DA:27,0
DA:35,0
DA:47,0
DA:53,0
DA:61,0
DA:69,1
DA:71,0
DA:73,0
DA:75,0
DA:76,0
DA:77,0
DA:78,0
DA:80,0
DA:81,0
DA:88,0
DA:89,0
DA:97,0
DA:110,0
DA:116,0
DA:124,0
LF:33
LH:5
BRDA:9,0,0,0
BRDA:9,0,1,0
BRDA:18,1,0,0
BRDA:18,1,1,0
BRDA:26,2,0,0
BRDA:26,2,1,0
BRDA:71,3,0,0
BRDA:71,3,1,0
BRDA:80,4,0,0
BRDA:80,4,1,0
BRDA:88,5,0,0
BRDA:88,5,1,0
BRF:12
BRH:0
end_of_record
TN:
SF:/home/admin1/graphQL/Fundoo-Backend/GraphQL/Mutation/gitIssue.js
FN:12,(anonymous_0)
FN:87,(anonymous_1)
FN:161,(anonymous_2)
FN:245,(anonymous_3)
FNF:4
FNH:3
FNDA:1,(anonymous_0)
FNDA:1,(anonymous_1)
FNDA:1,(anonymous_2)
FNDA:0,(anonymous_3)
DA:1,1
DA:2,1
DA:3,1
DA:4,1
DA:12,1
DA:14,1
DA:15,1
DA:16,1
DA:18,1
DA:20,1
DA:21,1
DA:22,1
DA:24,1
DA:25,0
DA:32,1
DA:33,0
DA:41,1
DA:44,1
DA:45,1
DA:52,1
DA:53,1
DA:56,1
DA:62,1
DA:63,1
DA:66,1
DA:75,0
DA:87,1
DA:89,1
DA:91,1
DA:93,1
DA:95,1
DA:96,1
DA:97,1
DA:99,1
DA:100,0
DA:107,1
DA:108,0
DA:115,1
DA:116,1
DA:117,1
DA:118,0
DA:121,0
DA:122,0
DA:129,0
DA:136,1
DA:148,0
DA:161,1
DA:163,1
DA:165,1
DA:167,1
DA:169,1
DA:170,1
DA:171,1
DA:173,1
DA:174,0
DA:181,1
DA:182,0
DA:189,1
DA:198,1
DA:199,0
DA:200,0
DA:201,0
DA:202,0
DA:209,0
DA:212,0
DA:213,0
DA:219,0
DA:221,0
DA:231,1
DA:245,1
DA:247,0
DA:249,0
DA:251,0
DA:253,0
DA:254,0
DA:255,0
DA:257,0
DA:258,0
DA:265,0
DA:266,0
DA:274,0
DA:277,0
DA:278,0
DA:285,0
DA:286,0
DA:288,0
DA:294,0
DA:295,0
DA:304,0
LF:89
LH:49
BRDA:16,0,0,1
BRDA:16,0,1,0
BRDA:24,1,0,0
BRDA:24,1,1,1
BRDA:32,2,0,0
BRDA:32,2,1,1
BRDA:91,3,0,1
BRDA:91,3,1,0
BRDA:99,4,0,0
BRDA:99,4,1,1
BRDA:107,5,0,0
BRDA:107,5,1,1
BRDA:117,6,0,0
BRDA:117,6,1,1
BRDA:165,7,0,1
BRDA:165,7,1,0
BRDA:173,8,0,0
BRDA:173,8,1,1
BRDA:181,9,0,0
BRDA:181,9,1,1
BRDA:201,10,0,0
BRDA:201,10,1,0
BRDA:249,11,0,0
BRDA:249,11,1,0
BRDA:257,12,0,0
BRDA:257,12,1,0
BRDA:265,13,0,0
BRDA:265,13,1,0
BRF:28
BRH:10
end_of_record
TN:
SF:/home/admin1/graphQL/Fundoo-Backend/GraphQL/Mutation/gitRepository.js
FN:13,(anonymous_0)
FNF:1
FNH:0
FNDA:0,(anonymous_0)
DA:1,1
DA:2,1
DA:3,1
DA:4,1
DA:5,1
DA:13,1
DA:15,0
DA:19,0
DA:20,0
DA:22,0
DA:25,0
DA:27,0
DA:30,0
DA:31,0
DA:32,0
DA:33,0
DA:35,0
DA:36,0
DA:40,0
DA:41,0
DA:46,0
DA:50,0
DA:53,0
DA:58,0
DA:59,0
DA:60,0
DA:62,0
DA:63,0
DA:64,0
DA:65,0
DA:66,0
DA:67,0
DA:68,0
DA:72,0
DA:73,0
DA:82,0
DA:83,0
DA:87,0
DA:95,0
DA:101,0
DA:105,0
DA:108,0
DA:109,0
LF:43
LH:6
BRDA:20,0,0,0
BRDA:20,0,1,0
BRDA:20,1,0,0
BRDA:20,1,1,0
BRDA:25,2,0,0
BRDA:25,2,1,0
BRDA:35,3,0,0
BRDA:35,3,1,0
BRDA:40,4,0,0
BRDA:40,4,1,0
BRDA:67,5,0,0
BRDA:67,5,1,0
BRDA:72,6,0,0
BRDA:72,6,1,0
BRDA:101,7,0,0
BRDA:101,7,1,0
BRDA:101,8,0,0
BRDA:101,8,1,0
BRDA:101,8,2,0
BRDA:101,8,3,0
BRF:20
BRH:0
end_of_record
TN:
SF:/home/admin1/graphQL/Fundoo-Backend/GraphQL/Mutation/gitStar.js
FN:12,(anonymous_0)
FN:85,(anonymous_1)
FNF:2
FNH:2
FNDA:1,(anonymous_0)
FNDA:1,(anonymous_1)
DA:1,1
DA:2,1
DA:3,1
DA:4,1
DA:12,1
DA:14,1
DA:16,1
DA:18,1
DA:20,1
DA:21,1
DA:22,1
DA:24,1
DA:25,0
DA:32,1
DA:33,0
DA:41,1
DA:44,1
DA:45,1
DA:61,1
DA:63,1
DA:72,0
DA:85,1
DA:87,1
DA:88,1
DA:89,1
DA:91,1
DA:93,1
DA:94,1
DA:95,1
DA:97,1
DA:98,0
DA:105,1
DA:106,0
DA:114,1
DA:117,1
DA:118,1
DA:125,1
DA:127,1
DA:136,0
LF:39
LH:33
BRDA:16,0,0,1
BRDA:16,0,1,0
BRDA:24,1,0,0
BRDA:24,1,1,1
BRDA:32,2,0,0
BRDA:32,2,1,1
BRDA:89,3,0,1
BRDA:89,3,1,0
BRDA:97,4,0,0
BRDA:97,4,1,1
BRDA:105,5,0,0
BRDA:105,5,1,1
BRF:12
BRH:6
end_of_record
TN:
SF:/home/admin1/graphQL/Fundoo-Backend/GraphQL/Mutation/gitUpdateLabel.js
FN:7,(anonymous_0)
FN:53,(anonymous_1)
FN:60,(anonymous_2)
FNF:3
FNH:0
FNDA:0,(anonymous_0)
FNDA:0,(anonymous_1)
FNDA:0,(anonymous_2)
DA:1,1
DA:2,1
DA:3,1
DA:7,1
DA:9,0
DA:11,0
DA:13,0
DA:14,0
DA:15,0
DA:16,0
DA:18,0
DA:19,0
DA:26,0
DA:27,0
DA:35,0
DA:55,0
DA:61,0
DA:69,0
LF:18
LH:4
BRDA:9,0,0,0
BRDA:9,0,1,0
BRDA:18,1,0,0
BRDA:18,1,1,0
BRDA:26,2,0,0
BRDA:26,2,1,0
BRF:6
BRH:0
end_of_record
TN:
SF:/home/admin1/graphQL/Fundoo-Backend/GraphQL/Mutation/gitWatch.js
FN:12,(anonymous_0)
FN:72,(anonymous_1)
FNF:2
FNH:2
FNDA:1,(anonymous_0)
FNDA:1,(anonymous_1)
DA:1,1
DA:2,1
DA:3,1
DA:5,1
DA:12,1
DA:13,1
DA:18,1
DA:19,1
DA:20,0
DA:22,1
DA:23,1
DA:24,1
DA:25,1
DA:26,1
DA:27,0
DA:29,1
DA:30,0
DA:33,1
DA:34,1
DA:35,1
DA:36,1
DA:43,0
DA:47,0
DA:48,0
DA:54,0
DA:58,0
DA:59,0
DA:72,1
DA:74,1
DA:78,1
DA:79,1
DA:80,0
DA:83,1
DA:85,1
DA:87,1
DA:88,1
DA:89,1
DA:90,1
DA:92,1
DA:93,0
DA:97,1
DA:98,0
DA:101,1
DA:102,1
DA:103,1
DA:111,0
DA:116,0
DA:120,0
DA:123,0
DA:124,0
LF:50
LH:33
BRDA:19,0,0,0
BRDA:19,0,1,1
BRDA:19,1,0,1
BRDA:19,1,1,1
BRDA:22,2,0,1
BRDA:22,2,1,0
BRDA:26,3,0,0
BRDA:26,3,1,1
BRDA:29,4,0,0
BRDA:29,4,1,1
BRDA:48,5,0,0
BRDA:48,5,1,0
BRDA:48,6,0,0
BRDA:48,6,1,0
BRDA:48,6,2,0
BRDA:48,6,3,0
BRDA:79,7,0,0
BRDA:79,7,1,1
BRDA:79,8,0,1
BRDA:79,8,1,1
BRDA:83,9,0,1
BRDA:83,9,1,0
BRDA:92,10,0,0
BRDA:92,10,1,1
BRDA:97,11,0,0
BRDA:97,11,1,1
BRDA:116,12,0,0
BRDA:116,12,1,0
BRDA:116,13,0,0
BRDA:116,13,1,0
BRDA:116,13,2,0
BRDA:116,13,3,0
BRF:32
BRH:12
end_of_record
TN:
SF:/home/admin1/graphQL/Fundoo-Backend/GraphQL/Mutation/label.js
FN:4,(anonymous_0)
FN:52,(anonymous_1)
FN:81,(anonymous_2)
FNF:3
FNH:0
FNDA:0,(anonymous_0)
FNDA:0,(anonymous_1)
FNDA:0,(anonymous_2)
DA:1,1
DA:2,1
DA:4,1
DA:5,0
DA:6,0
DA:7,0
DA:8,0
DA:9,0
DA:10,0
DA:11,0
DA:12,0
DA:13,0
DA:14,0
DA:20,0
DA:27,0
DA:28,0
DA:29,0
DA:38,0
DA:46,0
DA:52,1
DA:55,0
DA:64,0
DA:65,0
DA:71,0
DA:81,1
DA:82,0
DA:83,0
DA:84,0
DA:90,0
LF:29
LH:5
BRDA:7,0,0,0
BRDA:7,0,1,0
BRDA:13,1,0,0
BRDA:13,1,1,0
BRDA:28,2,0,0
BRDA:28,2,1,0
BRDA:64,3,0,0
BRDA:64,3,1,0
BRDA:83,4,0,0
BRDA:83,4,1,0
BRF:10
BRH:0
end_of_record
TN:
SF:/home/admin1/graphQL/Fundoo-Backend/GraphQL/Mutation/note.js
FN:3,(anonymous_0)
FN:30,(anonymous_1)
FN:60,(anonymous_2)
FN:77,(anonymous_3)
FN:109,(anonymous_4)
FN:130,(anonymous_5)
FN:167,(anonymous_6)
FN:206,(anonymous_7)
FN:232,(anonymous_8)
FN:266,(anonymous_9)
FN:300,(anonymous_10)
FNF:11
FNH:10
FNDA:1,(anonymous_0)
FNDA:1,(anonymous_1)
FNDA:1,(anonymous_2)
FNDA:1,(anonymous_3)
FNDA:0,(anonymous_4)
FNDA:1,(anonymous_5)
FNDA:1,(anonymous_6)
FNDA:1,(anonymous_7)
FNDA:1,(anonymous_8)
FNDA:1,(anonymous_9)
FNDA:1,(anonymous_10)
DA:1,1
DA:2,1
DA:3,1
DA:4,1
DA:5,1
DA:10,1
DA:11,1
DA:12,1
DA:13,1
DA:21,0
DA:30,1
DA:34,1
DA:44,0
DA:45,0
DA:51,0
DA:60,1
DA:61,1
DA:62,1
DA:63,0
DA:69,1
DA:77,1
DA:78,1
DA:79,1
DA:80,1
DA:81,0
DA:87,1
DA:93,1
DA:94,1
DA:100,0
DA:109,1
DA:110,0
DA:111,0
DA:112,0
DA:113,0
DA:114,0
DA:122,0
DA:130,1
DA:131,1
DA:132,1
DA:133,1
DA:134,1
DA:135,0
DA:136,0
DA:141,0
DA:142,0
DA:148,0
DA:152,0
DA:153,0
DA:160,0
DA:167,1
DA:168,1
DA:169,1
DA:170,1
DA:171,1
DA:172,1
DA:173,1
DA:177,0
DA:178,0
DA:184,0
DA:189,0
DA:190,0
DA:198,0
DA:206,1
DA:207,1
DA:208,1
DA:209,1
DA:210,1
DA:211,1
DA:212,1
DA:213,1
DA:219,0
DA:222,0
DA:223,0
DA:232,1
DA:233,1
DA:234,1
DA:235,1
DA:236,1
DA:237,1
DA:238,0
DA:239,0
DA:246,0
DA:250,0
DA:251,0
DA:258,0
DA:266,1
DA:267,1
DA:268,1
DA:269,1
DA:270,1
DA:271,1
DA:272,1
DA:278,0
DA:283,0
DA:284,0
DA:292,0
DA:300,1
DA:301,1
DA:302,1
DA:303,1
DA:304,1
DA:305,1
DA:311,0
DA:314,0
DA:321,0
LF:105
LH:62
BRDA:12,0,0,1
BRDA:12,0,1,0
BRDA:44,1,0,0
BRDA:44,1,1,0
BRDA:62,2,0,0
BRDA:62,2,1,1
BRDA:80,3,0,0
BRDA:80,3,1,1
BRDA:93,4,0,1
BRDA:93,4,1,0
BRDA:110,5,0,0
BRDA:110,5,1,0
BRDA:131,6,0,1
BRDA:131,6,1,0
BRDA:135,7,0,0
BRDA:135,7,1,0
BRDA:141,8,0,0
BRDA:141,8,1,0
BRDA:168,9,0,1
BRDA:168,9,1,0
BRDA:172,10,0,1
BRDA:172,10,1,0
BRDA:177,11,0,0
BRDA:177,11,1,0
BRDA:209,12,0,1
BRDA:209,12,1,0
BRDA:212,13,0,1
BRDA:212,13,1,0
BRDA:233,14,0,1
BRDA:233,14,1,0
BRDA:238,15,0,0
BRDA:238,15,1,0
BRDA:267,16,0,1
BRDA:267,16,1,0
BRDA:271,17,0,1
BRDA:271,17,1,0
BRDA:301,18,0,1
BRDA:301,18,1,0
BRDA:304,19,0,1
BRDA:304,19,1,0
BRF:40
BRH:14
end_of_record
TN:
SF:/home/admin1/graphQL/Fundoo-Backend/GraphQL/Mutation/noteCollaborate.js
FN:5,(anonymous_0)
FN:65,(anonymous_1)
FNF:2
FNH:2
FNDA:1,(anonymous_0)
FNDA:1,(anonymous_1)
DA:1,1
DA:2,1
DA:3,1
DA:4,1
DA:5,1
DA:6,1
DA:7,1
DA:8,1
DA:9,1
DA:10,1
DA:11,0
DA:17,1
DA:18,1
DA:19,1
DA:20,1
DA:21,0
DA:27,1
DA:28,1
DA:29,1
DA:30,0
DA:36,1
DA:37,1
DA:38,0
DA:43,1
DA:44,1
DA:49,1
DA:51,1
DA:52,1
DA:53,1
DA:65,1
DA:66,1
DA:67,1
DA:96,1
DA:97,1
DA:98,1
DA:99,1
DA:105,0
LF:37
LH:32
BRDA:6,0,0,1
BRDA:6,0,1,0
BRDA:10,1,0,0
BRDA:10,1,1,1
BRDA:20,2,0,0
BRDA:20,2,1,1
BRDA:29,3,0,0
BRDA:29,3,1,1
BRDA:37,4,0,0
BRDA:37,4,1,1
BRDA:66,5,0,1
BRDA:66,5,1,0
BRDA:98,6,0,1
BRDA:98,6,1,0
BRF:14
BRH:7
end_of_record
TN:
SF:/home/admin1/graphQL/Fundoo-Backend/GraphQL/Mutation/searchNotes.js
FN:3,(anonymous_0)
FNF:1
FNH:0
FNDA:0,(anonymous_0)
DA:1,1
DA:2,1
DA:3,1
DA:4,0
DA:8,0
DA:9,0
DA:10,0
DA:11,0
DA:12,0
DA:13,0
DA:14,0
DA:15,0
DA:19,0
DA:23,0
DA:27,0
DA:30,0
DA:31,0
LF:17
LH:3
BRDA:9,0,0,0
BRDA:9,0,1,0
BRDA:12,1,0,0
BRDA:12,1,1,0
BRDA:23,2,0,0
BRDA:23,2,1,0
BRDA:23,3,0,0
BRDA:23,3,1,0
BRDA:23,3,2,0
BRDA:23,3,3,0
BRF:10
BRH:0
end_of_record
TN:
SF:/home/admin1/graphQL/Fundoo-Backend/GraphQL/Mutation/user.js
FN:14,(anonymous_0)
FN:66,(anonymous_1)
FN:130,(anonymous_2)
FN:145,(anonymous_3)
FN:176,(anonymous_4)
FN:197,(anonymous_5)
FN:223,(anonymous_6)
FNF:7
FNH:4
FNDA:1,(anonymous_0)
FNDA:1,(anonymous_1)
FNDA:0,(anonymous_2)
FNDA:1,(anonymous_3)
FNDA:1,(anonymous_4)
FNDA:0,(anonymous_5)
FNDA:0,(anonymous_6)
DA:1,1
DA:2,1
DA:3,1
DA:4,1
DA:5,1
DA:6,1
DA:7,1
DA:8,1
DA:14,1
DA:16,1
DA:17,1
DA:18,0
DA:24,1
DA:25,0
DA:28,1
DA:29,1
DA:30,1
DA:33,0
DA:34,0
DA:40,0
DA:42,0
DA:43,0
DA:45,0
DA:46,0
DA:47,0
DA:50,0
DA:51,0
DA:52,0
DA:59,0
DA:66,1
DA:68,1
DA:69,1
DA:70,0
DA:76,1
DA:77,0
DA:80,1
DA:81,1
DA:82,1
DA:84,1
DA:85,1
DA:87,1
DA:88,0
DA:93,1
DA:94,0
DA:100,1
DA:101,1
DA:102,1
DA:103,1
DA:104,1
DA:113,1
DA:124,0
DA:130,1
DA:132,0
DA:133,0
DA:136,0
DA:137,0
DA:138,0
DA:139,0
DA:142,0
DA:145,1
DA:146,1
DA:147,1
DA:148,0
DA:154,1
DA:155,1
DA:156,1
DA:157,1
DA:158,1
DA:159,1
DA:160,1
DA:161,1
DA:162,0
DA:167,1
DA:168,1
DA:176,1
DA:177,1
DA:178,0
DA:180,1
DA:181,1
DA:182,1
DA:183,1
DA:184,0
DA:191,1
DA:197,1
DA:198,0
DA:199,0
DA:209,0
DA:210,0
DA:211,0
DA:216,0
DA:223,1
DA:224,0
DA:225,0
DA:226,0
DA:227,0
DA:228,0
DA:237,0
DA:238,0
DA:244,0
DA:252,0
LF:100
LH:55
BRDA:17,0,0,0
BRDA:17,0,1,1
BRDA:24,1,0,0
BRDA:24,1,1,1
BRDA:29,2,0,1
BRDA:29,2,1,0
BRDA:50,3,0,0
BRDA:50,3,1,0
BRDA:69,4,0,0
BRDA:69,4,1,1
BRDA:76,5,0,0
BRDA:76,5,1,1
BRDA:82,6,0,1
BRDA:82,6,1,0
BRDA:87,7,0,0
BRDA:87,7,1,1
BRDA:93,8,0,0
BRDA:93,8,1,1
BRDA:138,9,0,0
BRDA:138,9,1,0
BRDA:147,10,0,0
BRDA:147,10,1,1
BRDA:161,11,0,0
BRDA:161,11,1,1
BRDA:177,12,0,0
BRDA:177,12,1,1
BRDA:183,13,0,0
BRDA:183,13,1,1
BRDA:210,14,0,0
BRDA:210,14,1,0
BRDA:226,15,0,0
BRDA:226,15,1,0
BRDA:237,16,0,0
BRDA:237,16,1,0
BRF:34
BRH:12
end_of_record
TN:
SF:/home/admin1/graphQL/Fundoo-Backend/GraphQL/Query/query.js
FN:11,(anonymous_0)
FN:16,(anonymous_1)
FN:32,(anonymous_2)
FNF:3
FNH:0
FNDA:0,(anonymous_0)
FNDA:0,(anonymous_1)
FNDA:0,(anonymous_2)
DA:1,1
DA:2,1
DA:3,1
DA:4,1
DA:5,1
DA:6,1
DA:11,1
DA:12,0
DA:14,0
DA:16,1
DA:17,0
DA:20,0
DA:21,0
DA:22,0
DA:23,0
DA:27,0
DA:28,0
DA:32,1
DA:33,0
DA:34,0
DA:35,0
LF:21
LH:9
BRDA:21,0,0,0
BRDA:21,0,1,0
BRF:2
BRH:0
end_of_record
TN:
SF:/home/admin1/graphQL/Fundoo-Backend/GraphQL/Resolver/resolvers.js
FNF:0
FNH:0
DA:1,1
DA:2,1
DA:3,1
DA:4,1
DA:5,1
DA:6,1
DA:7,1
DA:8,1
DA:9,1
DA:10,1
DA:11,1
DA:12,1
DA:13,1
DA:14,1
DA:15,1
DA:16,1
DA:17,1
DA:18,1
DA:19,1
DA:20,1
DA:21,1
DA:22,1
DA:23,1
DA:24,1
DA:25,1
DA:26,1
DA:27,1
DA:28,1
DA:29,1
DA:30,1
DA:31,1
DA:32,1
DA:33,1
DA:34,1
DA:35,1
DA:36,1
DA:37,1
DA:38,1
DA:39,1
DA:40,1
DA:41,1
DA:42,1
DA:43,1
DA:48,1
DA:101,1
LF:45
LH:45
BRF:0
BRH:0
end_of_record
TN:
SF:/home/admin1/graphQL/Fundoo-Backend/GraphQL/types/types.js
FNF:0
FNH:0
DA:1,1
DA:5,1
DA:104,1
LF:3
LH:3
BRF:0
BRH:0
end_of_record
TN:
SF:/home/admin1/graphQL/Fundoo-Backend/config/dbConfig.js
FNF:0
FNH:0
DA:1,1
LF:1
LH:1
BRF:0
BRH:0
end_of_record
TN:
SF:/home/admin1/graphQL/Fundoo-Backend/config/redisConfig.js
FN:10,(anonymous_0)
FN:15,(anonymous_1)
FNF:2
FNH:1
FNDA:1,(anonymous_0)
FNDA:0,(anonymous_1)
DA:1,1
DA:2,1
DA:10,1
DA:11,1
DA:15,1
DA:16,0
LF:6
LH:5
BRF:0
BRH:0
end_of_record
TN:
SF:/home/admin1/graphQL/Fundoo-Backend/middleware/axiosService.js
FN:3,(anonymous_0)
FN:4,(anonymous_1)
FN:13,(anonymous_2)
FN:16,(anonymous_3)
FN:24,(anonymous_4)
FN:25,(anonymous_5)
FN:39,(anonymous_6)
FN:42,(anonymous_7)
FN:47,(anonymous_8)
FN:48,(anonymous_9)
FN:52,(anonymous_10)
FN:56,(anonymous_11)
FNF:12
FNH:7
FNDA:4,(anonymous_0)
FNDA:4,(anonymous_1)
FNDA:3,(anonymous_2)
FNDA:1,(anonymous_3)
FNDA:1,(anonymous_4)
FNDA:1,(anonymous_5)
FNDA:1,(anonymous_6)
FNDA:0,(anonymous_7)
FNDA:0,(anonymous_8)
FNDA:0,(anonymous_9)
FNDA:0,(anonymous_10)
FNDA:0,(anonymous_11)
DA:1,1
DA:3,1
DA:4,4
DA:5,4
DA:14,3
DA:17,1
DA:18,1
DA:24,1
DA:25,1
DA:26,1
DA:40,1
DA:43,0
DA:47,1
DA:48,0
DA:49,0
DA:53,0
DA:54,0
DA:57,0
DA:58,0
LF:19
LH:12
BRF:0
BRH:0
end_of_record
TN:
SF:/home/admin1/graphQL/Fundoo-Backend/middleware/sendMailer.js
FN:2,sendMailer
FN:18,(anonymous_1)
FNF:2
FNH:2
FNDA:1,sendMailer
FNDA:1,(anonymous_1)
DA:1,1
DA:3,1
DA:11,1
DA:18,1
DA:19,1
DA:20,0
DA:22,1
DA:26,1
LF:8
LH:7
BRDA:19,0,0,0
BRDA:19,0,1,1
BRF:2
BRH:1
end_of_record
TN:
SF:/home/admin1/graphQL/Fundoo-Backend/middleware/vereifyToken.js
FN:2,(anonymous_0)
FNF:1
FNH:1
FNDA:18,(anonymous_0)
DA:1,1
DA:2,1
DA:3,18
DA:5,18
DA:6,18
DA:7,18
LF:6
LH:6
BRF:0
BRH:0
end_of_record
TN:
SF:/home/admin1/graphQL/Fundoo-Backend/mongoDb/IssueSchema.js
FNF:0
FNH:0
DA:1,1
DA:2,1
DA:26,1
LF:3
LH:3
BRF:0
BRH:0
end_of_record
TN:
SF:/home/admin1/graphQL/Fundoo-Backend/mongoDb/collaborateSchema.js
FNF:0
FNH:0
DA:1,1
DA:2,1
DA:20,1
LF:3
LH:3
BRF:0
BRH:0
end_of_record
TN:
SF:/home/admin1/graphQL/Fundoo-Backend/mongoDb/labelSchema.js
FNF:0
FNH:0
DA:1,1
DA:2,1
DA:17,1
LF:3
LH:3
BRF:0
BRH:0
end_of_record
TN:
SF:/home/admin1/graphQL/Fundoo-Backend/mongoDb/noteSchema.js
FNF:0
FNH:0
DA:1,1
DA:2,1
DA:36,1
LF:3
LH:3
BRF:0
BRH:0
end_of_record
TN:
SF:/home/admin1/graphQL/Fundoo-Backend/mongoDb/userSchema.js
FNF:0
FNH:0
DA:1,1
DA:2,1
DA:3,1
DA:49,1
LF:4
LH:4
BRF:0
BRH:0
end_of_record
