{"/home/admin1/graphQL/Fundoo-Backend/server.js":{"path":"/home/admin1/graphQL/Fundoo-Backend/server.js","statementMap":{"0":{"start":{"line":12,"column":0},"end":{"line":12,"column":26}},"1":{"start":{"line":13,"column":25},"end":{"line":13,"column":49}},"2":{"start":{"line":14,"column":18},"end":{"line":14,"column":57}},"3":{"start":{"line":15,"column":21},"end":{"line":15,"column":53}},"4":{"start":{"line":16,"column":17},"end":{"line":16,"column":36}},"5":{"start":{"line":17,"column":17},"end":{"line":17,"column":45}},"6":{"start":{"line":18,"column":13},"end":{"line":18,"column":44}},"7":{"start":{"line":22,"column":15},"end":{"line":32,"column":2}},"8":{"start":{"line":27,"column":27},"end":{"line":31,"column":5}},"9":{"start":{"line":36,"column":0},"end":{"line":37,"column":63}},"10":{"start":{"line":37,"column":4},"end":{"line":37,"column":62}},"11":{"start":{"line":39,"column":0},"end":{"line":46,"column":6}},"12":{"start":{"line":41,"column":8},"end":{"line":41,"column":55}},"13":{"start":{"line":45,"column":8},"end":{"line":45,"column":25}},"14":{"start":{"line":51,"column":0},"end":{"line":51,"column":27}}},"fnMap":{"0":{"name":"(anonymous_0)","decl":{"start":{"line":27,"column":13},"end":{"line":27,"column":14}},"loc":{"start":{"line":27,"column":27},"end":{"line":31,"column":5}},"line":27},"1":{"name":"(anonymous_1)","decl":{"start":{"line":36,"column":40},"end":{"line":36,"column":41}},"loc":{"start":{"line":37,"column":4},"end":{"line":37,"column":62}},"line":37},"2":{"name":"(anonymous_2)","decl":{"start":{"line":40,"column":10},"end":{"line":40,"column":11}},"loc":{"start":{"line":40,"column":19},"end":{"line":43,"column":5}},"line":40},"3":{"name":"(anonymous_3)","decl":{"start":{"line":44,"column":11},"end":{"line":44,"column":12}},"loc":{"start":{"line":44,"column":20},"end":{"line":46,"column":5}},"line":44}},"branchMap":{"0":{"loc":{"start":{"line":36,"column":14},"end":{"line":36,"column":38}},"type":"binary-expr","locations":[{"start":{"line":36,"column":14},"end":{"line":36,"column":30}},{"start":{"line":36,"column":34},"end":{"line":36,"column":38}}],"line":36}},"s":{"0":1,"1":1,"2":1,"3":1,"4":1,"5":1,"6":1,"7":1,"8":30,"9":1,"10":1,"11":1,"12":1,"13":0,"14":1},"f":{"0":30,"1":1,"2":1,"3":0},"b":{"0":[1,0]},"_coverageSchema":"43e27e138ebf9cfc5966b082cf9a028302ed4184","hash":"251529fd016cf7afa007160551c7dc39f49a792b","contentHash":"be9fa6291374a9299afccef7471213719c0d859499c83690fa28bd8c08b04611"},"/home/admin1/graphQL/Fundoo-Backend/GraphQL/Resolver/resolvers.js":{"path":"/home/admin1/graphQL/Fundoo-Backend/GraphQL/Resolver/resolvers.js","statementMap":{"0":{"start":{"line":1,"column":22},"end":{"line":1,"column":53}},"1":{"start":{"line":2,"column":21},"end":{"line":2,"column":61}},"2":{"start":{"line":3,"column":14},"end":{"line":3,"column":47}},"3":{"start":{"line":4,"column":20},"end":{"line":4,"column":59}},"4":{"start":{"line":5,"column":23},"end":{"line":5,"column":65}},"5":{"start":{"line":6,"column":22},"end":{"line":6,"column":63}},"6":{"start":{"line":7,"column":15},"end":{"line":7,"column":49}},"7":{"start":{"line":8,"column":23},"end":{"line":8,"column":55}},"8":{"start":{"line":9,"column":20},"end":{"line":9,"column":60}},"9":{"start":{"line":10,"column":23},"end":{"line":10,"column":54}},"10":{"start":{"line":11,"column":19},"end":{"line":11,"column":57}},"11":{"start":{"line":12,"column":20},"end":{"line":12,"column":60}},"12":{"start":{"line":13,"column":20},"end":{"line":13,"column":60}},"13":{"start":{"line":14,"column":19},"end":{"line":14,"column":57}},"14":{"start":{"line":15,"column":19},"end":{"line":15,"column":57}},"15":{"start":{"line":16,"column":17},"end":{"line":16,"column":53}},"16":{"start":{"line":17,"column":14},"end":{"line":17,"column":48}},"17":{"start":{"line":18,"column":20},"end":{"line":18,"column":60}},"18":{"start":{"line":19,"column":19},"end":{"line":19,"column":57}},"19":{"start":{"line":20,"column":22},"end":{"line":20,"column":72}},"20":{"start":{"line":21,"column":19},"end":{"line":21,"column":57}},"21":{"start":{"line":22,"column":22},"end":{"line":22,"column":63}},"22":{"start":{"line":23,"column":19},"end":{"line":23,"column":57}},"23":{"start":{"line":24,"column":22},"end":{"line":24,"column":63}},"24":{"start":{"line":25,"column":22},"end":{"line":25,"column":64}},"25":{"start":{"line":26,"column":20},"end":{"line":26,"column":59}},"26":{"start":{"line":27,"column":22},"end":{"line":27,"column":65}},"27":{"start":{"line":28,"column":27},"end":{"line":28,"column":85}},"28":{"start":{"line":29,"column":27},"end":{"line":29,"column":85}},"29":{"start":{"line":30,"column":20},"end":{"line":30,"column":64}},"30":{"start":{"line":31,"column":20},"end":{"line":31,"column":64}},"31":{"start":{"line":32,"column":21},"end":{"line":32,"column":67}},"32":{"start":{"line":33,"column":21},"end":{"line":33,"column":67}},"33":{"start":{"line":34,"column":22},"end":{"line":34,"column":70}},"34":{"start":{"line":35,"column":22},"end":{"line":35,"column":70}},"35":{"start":{"line":36,"column":28},"end":{"line":36,"column":88}},"36":{"start":{"line":37,"column":28},"end":{"line":37,"column":88}},"37":{"start":{"line":38,"column":21},"end":{"line":38,"column":73}},"38":{"start":{"line":39,"column":21},"end":{"line":39,"column":67}},"39":{"start":{"line":40,"column":21},"end":{"line":40,"column":67}},"40":{"start":{"line":41,"column":22},"end":{"line":41,"column":68}},"41":{"start":{"line":42,"column":25},"end":{"line":42,"column":75}},"42":{"start":{"line":43,"column":17},"end":{"line":43,"column":62}},"43":{"start":{"line":48,"column":18},"end":{"line":99,"column":1}},"44":{"start":{"line":101,"column":0},"end":{"line":101,"column":26}}},"fnMap":{},"branchMap":{},"s":{"0":1,"1":1,"2":1,"3":1,"4":1,"5":1,"6":1,"7":1,"8":1,"9":1,"10":1,"11":1,"12":1,"13":1,"14":1,"15":1,"16":1,"17":1,"18":1,"19":1,"20":1,"21":1,"22":1,"23":1,"24":1,"25":1,"26":1,"27":1,"28":1,"29":1,"30":1,"31":1,"32":1,"33":1,"34":1,"35":1,"36":1,"37":1,"38":1,"39":1,"40":1,"41":1,"42":1,"43":1,"44":1},"f":{},"b":{},"_coverageSchema":"43e27e138ebf9cfc5966b082cf9a028302ed4184","hash":"611344b88f3ca7a967aa58872d45c00ee2614d57","contentHash":"f0c91bee47235310c1582cb8a44d99288bf18619fce59c7d0d90350c320357fe"},"/home/admin1/graphQL/Fundoo-Backend/GraphQL/Query/query.js":{"path":"/home/admin1/graphQL/Fundoo-Backend/GraphQL/Query/query.js","statementMap":{"0":{"start":{"line":1,"column":18},"end":{"line":1,"column":53}},"1":{"start":{"line":2,"column":19},"end":{"line":2,"column":55}},"2":{"start":{"line":3,"column":18},"end":{"line":3,"column":53}},"3":{"start":{"line":4,"column":19},"end":{"line":4,"column":59}},"4":{"start":{"line":5,"column":12},"end":{"line":5,"column":34}},"5":{"start":{"line":6,"column":15},"end":{"line":9,"column":2}},"6":{"start":{"line":11,"column":0},"end":{"line":15,"column":1}},"7":{"start":{"line":12,"column":15},"end":{"line":12,"column":37}},"8":{"start":{"line":14,"column":4},"end":{"line":14,"column":16}},"9":{"start":{"line":16,"column":0},"end":{"line":31,"column":1}},"10":{"start":{"line":17,"column":22},"end":{"line":17,"column":47}},"11":{"start":{"line":20,"column":19},"end":{"line":20,"column":61}},"12":{"start":{"line":21,"column":4},"end":{"line":29,"column":5}},"13":{"start":{"line":22,"column":26},"end":{"line":22,"column":48}},"14":{"start":{"line":23,"column":12},"end":{"line":23,"column":26}},"15":{"start":{"line":27,"column":19},"end":{"line":27,"column":69}},"16":{"start":{"line":28,"column":8},"end":{"line":28,"column":21}},"17":{"start":{"line":32,"column":0},"end":{"line":36,"column":1}},"18":{"start":{"line":33,"column":22},"end":{"line":33,"column":47}},"19":{"start":{"line":34,"column":15},"end":{"line":34,"column":62}},"20":{"start":{"line":35,"column":4},"end":{"line":35,"column":16}}},"fnMap":{"0":{"name":"(anonymous_0)","decl":{"start":{"line":11,"column":16},"end":{"line":11,"column":17}},"loc":{"start":{"line":11,"column":40},"end":{"line":15,"column":1}},"line":11},"1":{"name":"(anonymous_1)","decl":{"start":{"line":16,"column":17},"end":{"line":16,"column":18}},"loc":{"start":{"line":16,"column":49},"end":{"line":31,"column":1}},"line":16},"2":{"name":"(anonymous_2)","decl":{"start":{"line":32,"column":16},"end":{"line":32,"column":17}},"loc":{"start":{"line":32,"column":48},"end":{"line":36,"column":1}},"line":32}},"branchMap":{"0":{"loc":{"start":{"line":21,"column":4},"end":{"line":29,"column":5}},"type":"if","locations":[{"start":{"line":21,"column":4},"end":{"line":29,"column":5}},{"start":{"line":21,"column":4},"end":{"line":29,"column":5}}],"line":21}},"s":{"0":1,"1":1,"2":1,"3":1,"4":1,"5":1,"6":1,"7":0,"8":0,"9":1,"10":0,"11":0,"12":0,"13":0,"14":0,"15":0,"16":0,"17":1,"18":0,"19":0,"20":0},"f":{"0":0,"1":0,"2":0},"b":{"0":[0,0]},"_coverageSchema":"43e27e138ebf9cfc5966b082cf9a028302ed4184","hash":"58d1bac22ae225b529cb5af61ac99c1abf641575","contentHash":"1b4d06c96a1964d2c8f95108e18e899eeebc7c7af11c6f741b5b0ba28cc35ff8"},"/home/admin1/graphQL/Fundoo-Backend/mongoDb/userSchema.js":{"path":"/home/admin1/graphQL/Fundoo-Backend/mongoDb/userSchema.js","statementMap":{"0":{"start":{"line":1,"column":17},"end":{"line":1,"column":36}},"1":{"start":{"line":2,"column":13},"end":{"line":2,"column":28}},"2":{"start":{"line":3,"column":17},"end":{"line":47,"column":6}},"3":{"start":{"line":49,"column":0},"end":{"line":49,"column":51}}},"fnMap":{},"branchMap":{},"s":{"0":1,"1":1,"2":1,"3":1},"f":{},"b":{},"_coverageSchema":"43e27e138ebf9cfc5966b082cf9a028302ed4184","hash":"8e06f064bea33740015c6a46e431b29f70456f52","contentHash":"081dd7b7808ccb71c226445b564a5690245d514dbdeefaed9c395ac714071071"},"/home/admin1/graphQL/Fundoo-Backend/mongoDb/labelSchema.js":{"path":"/home/admin1/graphQL/Fundoo-Backend/mongoDb/labelSchema.js","statementMap":{"0":{"start":{"line":1,"column":15},"end":{"line":1,"column":34}},"1":{"start":{"line":2,"column":16},"end":{"line":16,"column":1}},"2":{"start":{"line":17,"column":0},"end":{"line":17,"column":51}}},"fnMap":{},"branchMap":{},"s":{"0":1,"1":1,"2":1},"f":{},"b":{},"_coverageSchema":"43e27e138ebf9cfc5966b082cf9a028302ed4184","hash":"f49efb6d673bfb13bb10f00a4c575f6c32419f97","contentHash":"22c0f2ff940c5e7944366a486b0902d3ced79a86c647f737e4b3d8f488d82989"},"/home/admin1/graphQL/Fundoo-Backend/mongoDb/noteSchema.js":{"path":"/home/admin1/graphQL/Fundoo-Backend/mongoDb/noteSchema.js","statementMap":{"0":{"start":{"line":1,"column":17},"end":{"line":1,"column":36}},"1":{"start":{"line":2,"column":17},"end":{"line":35,"column":1}},"2":{"start":{"line":36,"column":0},"end":{"line":36,"column":51}}},"fnMap":{},"branchMap":{},"s":{"0":1,"1":1,"2":1},"f":{},"b":{},"_coverageSchema":"43e27e138ebf9cfc5966b082cf9a028302ed4184","hash":"aa1aeb3587465735343dfb7e9cb957d32a8e721a","contentHash":"9d6aa2ced7634fa62eef4d36e590fdccd5c8af3a3084a89d70cd820054914663"},"/home/admin1/graphQL/Fundoo-Backend/middleware/vereifyToken.js":{"path":"/home/admin1/graphQL/Fundoo-Backend/middleware/vereifyToken.js","statementMap":{"0":{"start":{"line":1,"column":12},"end":{"line":1,"column":35}},"1":{"start":{"line":2,"column":0},"end":{"line":8,"column":1}},"2":{"start":{"line":3,"column":4},"end":{"line":3,"column":47}},"3":{"start":{"line":5,"column":24},"end":{"line":5,"column":56}},"4":{"start":{"line":6,"column":4},"end":{"line":6,"column":49}},"5":{"start":{"line":7,"column":4},"end":{"line":7,"column":24}}},"fnMap":{"0":{"name":"(anonymous_0)","decl":{"start":{"line":2,"column":21},"end":{"line":2,"column":22}},"loc":{"start":{"line":2,"column":32},"end":{"line":8,"column":1}},"line":2}},"branchMap":{},"s":{"0":1,"1":1,"2":18,"3":18,"4":18,"5":18},"f":{"0":18},"b":{},"_coverageSchema":"43e27e138ebf9cfc5966b082cf9a028302ed4184","hash":"e68e501f023e927558706c8ba2dbd64d551a9ec1","contentHash":"4f00910d9017402124bd3da60efd22aaccc1348f1d194176717f331b39587929"},"/home/admin1/graphQL/Fundoo-Backend/GraphQL/Mutation/user.js":{"path":"/home/admin1/graphQL/Fundoo-Backend/GraphQL/Mutation/user.js","statementMap":{"0":{"start":{"line":1,"column":18},"end":{"line":1,"column":53}},"1":{"start":{"line":2,"column":17},"end":{"line":2,"column":53}},"2":{"start":{"line":3,"column":15},"end":{"line":3,"column":32}},"3":{"start":{"line":4,"column":12},"end":{"line":4,"column":35}},"4":{"start":{"line":5,"column":23},"end":{"line":5,"column":61}},"5":{"start":{"line":6,"column":23},"end":{"line":6,"column":63}},"6":{"start":{"line":7,"column":14},"end":{"line":7,"column":30}},"7":{"start":{"line":8,"column":15},"end":{"line":13,"column":2}},"8":{"start":{"line":14,"column":0},"end":{"line":65,"column":1}},"9":{"start":{"line":16,"column":16},"end":{"line":16,"column":64}},"10":{"start":{"line":17,"column":4},"end":{"line":22,"column":5}},"11":{"start":{"line":18,"column":8},"end":{"line":21,"column":9}},"12":{"start":{"line":24,"column":4},"end":{"line":26,"column":5}},"13":{"start":{"line":25,"column":8},"end":{"line":25,"column":80}},"14":{"start":{"line":28,"column":15},"end":{"line":28,"column":60}},"15":{"start":{"line":29,"column":4},"end":{"line":31,"column":5}},"16":{"start":{"line":30,"column":8},"end":{"line":30,"column":50}},"17":{"start":{"line":33,"column":22},"end":{"line":33,"column":58}},"18":{"start":{"line":34,"column":18},"end":{"line":39,"column":6}},"19":{"start":{"line":40,"column":19},"end":{"line":40,"column":39}},"20":{"start":{"line":42,"column":16},"end":{"line":42,"column":64}},"21":{"start":{"line":43,"column":4},"end":{"line":43,"column":44}},"22":{"start":{"line":45,"column":4},"end":{"line":45,"column":53}},"23":{"start":{"line":46,"column":14},"end":{"line":46,"column":48}},"24":{"start":{"line":47,"column":4},"end":{"line":47,"column":39}},"25":{"start":{"line":50,"column":4},"end":{"line":64,"column":5}},"26":{"start":{"line":51,"column":8},"end":{"line":51,"column":35}},"27":{"start":{"line":52,"column":8},"end":{"line":56,"column":9}},"28":{"start":{"line":59,"column":8},"end":{"line":63,"column":9}},"29":{"start":{"line":66,"column":0},"end":{"line":129,"column":1}},"30":{"start":{"line":68,"column":16},"end":{"line":68,"column":64}},"31":{"start":{"line":69,"column":4},"end":{"line":74,"column":5}},"32":{"start":{"line":70,"column":8},"end":{"line":73,"column":9}},"33":{"start":{"line":76,"column":4},"end":{"line":78,"column":5}},"34":{"start":{"line":77,"column":8},"end":{"line":77,"column":80}},"35":{"start":{"line":80,"column":15},"end":{"line":80,"column":60}},"36":{"start":{"line":81,"column":4},"end":{"line":81,"column":48}},"37":{"start":{"line":82,"column":4},"end":{"line":128,"column":5}},"38":{"start":{"line":84,"column":30},"end":{"line":84,"column":83}},"39":{"start":{"line":85,"column":8},"end":{"line":85,"column":68}},"40":{"start":{"line":87,"column":8},"end":{"line":119,"column":9}},"41":{"start":{"line":88,"column":12},"end":{"line":91,"column":13}},"42":{"start":{"line":93,"column":16},"end":{"line":119,"column":9}},"43":{"start":{"line":94,"column":12},"end":{"line":96,"column":13}},"44":{"start":{"line":100,"column":23},"end":{"line":100,"column":69}},"45":{"start":{"line":101,"column":12},"end":{"line":101,"column":52}},"46":{"start":{"line":102,"column":29},"end":{"line":102,"column":74}},"47":{"start":{"line":103,"column":12},"end":{"line":103,"column":48}},"48":{"start":{"line":104,"column":12},"end":{"line":104,"column":71}},"49":{"start":{"line":113,"column":12},"end":{"line":117,"column":13}},"50":{"start":{"line":124,"column":8},"end":{"line":127,"column":9}},"51":{"start":{"line":130,"column":0},"end":{"line":144,"column":1}},"52":{"start":{"line":132,"column":24},"end":{"line":132,"column":49}},"53":{"start":{"line":133,"column":4},"end":{"line":133,"column":31}},"54":{"start":{"line":136,"column":24},"end":{"line":136,"column":108}},"55":{"start":{"line":137,"column":4},"end":{"line":137,"column":31}},"56":{"start":{"line":138,"column":4},"end":{"line":143,"column":5}},"57":{"start":{"line":139,"column":8},"end":{"line":139,"column":49}},"58":{"start":{"line":142,"column":8},"end":{"line":142,"column":57}},"59":{"start":{"line":145,"column":0},"end":{"line":175,"column":1}},"60":{"start":{"line":146,"column":16},"end":{"line":146,"column":64}},"61":{"start":{"line":147,"column":4},"end":{"line":152,"column":5}},"62":{"start":{"line":148,"column":8},"end":{"line":151,"column":9}},"63":{"start":{"line":154,"column":15},"end":{"line":154,"column":60}},"64":{"start":{"line":155,"column":4},"end":{"line":155,"column":53}},"65":{"start":{"line":156,"column":16},"end":{"line":156,"column":61}},"66":{"start":{"line":157,"column":4},"end":{"line":157,"column":43}},"67":{"start":{"line":158,"column":4},"end":{"line":158,"column":52}},"68":{"start":{"line":159,"column":14},"end":{"line":159,"column":48}},"69":{"start":{"line":160,"column":4},"end":{"line":160,"column":48}},"70":{"start":{"line":161,"column":4},"end":{"line":173,"column":5}},"71":{"start":{"line":162,"column":8},"end":{"line":164,"column":9}},"72":{"start":{"line":167,"column":8},"end":{"line":167,"column":35}},"73":{"start":{"line":168,"column":8},"end":{"line":172,"column":9}},"74":{"start":{"line":176,"column":0},"end":{"line":196,"column":1}},"75":{"start":{"line":177,"column":4},"end":{"line":179,"column":5}},"76":{"start":{"line":178,"column":8},"end":{"line":178,"column":80}},"77":{"start":{"line":180,"column":22},"end":{"line":180,"column":58}},"78":{"start":{"line":181,"column":24},"end":{"line":181,"column":49}},"79":{"start":{"line":182,"column":26},"end":{"line":182,"column":117}},"80":{"start":{"line":183,"column":4},"end":{"line":195,"column":5}},"81":{"start":{"line":184,"column":8},"end":{"line":187,"column":9}},"82":{"start":{"line":191,"column":8},"end":{"line":194,"column":9}},"83":{"start":{"line":197,"column":0},"end":{"line":221,"column":1}},"84":{"start":{"line":198,"column":24},"end":{"line":198,"column":49}},"85":{"start":{"line":199,"column":26},"end":{"line":208,"column":10}},"86":{"start":{"line":209,"column":4},"end":{"line":209,"column":61}},"87":{"start":{"line":210,"column":4},"end":{"line":219,"column":5}},"88":{"start":{"line":211,"column":8},"end":{"line":213,"column":9}},"89":{"start":{"line":216,"column":8},"end":{"line":218,"column":9}},"90":{"start":{"line":223,"column":0},"end":{"line":257,"column":1}},"91":{"start":{"line":224,"column":4},"end":{"line":224,"column":42}},"92":{"start":{"line":225,"column":4},"end":{"line":225,"column":48}},"93":{"start":{"line":226,"column":4},"end":{"line":256,"column":5}},"94":{"start":{"line":227,"column":28},"end":{"line":227,"column":53}},"95":{"start":{"line":228,"column":28},"end":{"line":236,"column":14}},"96":{"start":{"line":237,"column":12},"end":{"line":248,"column":13}},"97":{"start":{"line":238,"column":16},"end":{"line":241,"column":17}},"98":{"start":{"line":244,"column":16},"end":{"line":247,"column":13}},"99":{"start":{"line":252,"column":8},"end":{"line":255,"column":9}}},"fnMap":{"0":{"name":"(anonymous_0)","decl":{"start":{"line":14,"column":23},"end":{"line":14,"column":24}},"loc":{"start":{"line":14,"column":55},"end":{"line":65,"column":1}},"line":14},"1":{"name":"(anonymous_1)","decl":{"start":{"line":66,"column":16},"end":{"line":66,"column":17}},"loc":{"start":{"line":66,"column":40},"end":{"line":129,"column":1}},"line":66},"2":{"name":"(anonymous_2)","decl":{"start":{"line":130,"column":22},"end":{"line":130,"column":23}},"loc":{"start":{"line":130,"column":55},"end":{"line":144,"column":1}},"line":130},"3":{"name":"(anonymous_3)","decl":{"start":{"line":145,"column":25},"end":{"line":145,"column":26}},"loc":{"start":{"line":145,"column":57},"end":{"line":175,"column":1}},"line":145},"4":{"name":"(anonymous_4)","decl":{"start":{"line":176,"column":24},"end":{"line":176,"column":25}},"loc":{"start":{"line":176,"column":57},"end":{"line":196,"column":1}},"line":176},"5":{"name":"(anonymous_5)","decl":{"start":{"line":197,"column":17},"end":{"line":197,"column":18}},"loc":{"start":{"line":197,"column":50},"end":{"line":221,"column":1}},"line":197},"6":{"name":"(anonymous_6)","decl":{"start":{"line":223,"column":21},"end":{"line":223,"column":22}},"loc":{"start":{"line":223,"column":53},"end":{"line":257,"column":1}},"line":223}},"branchMap":{"0":{"loc":{"start":{"line":17,"column":4},"end":{"line":22,"column":5}},"type":"if","locations":[{"start":{"line":17,"column":4},"end":{"line":22,"column":5}},{"start":{"line":17,"column":4},"end":{"line":22,"column":5}}],"line":17},"1":{"loc":{"start":{"line":24,"column":4},"end":{"line":26,"column":5}},"type":"if","locations":[{"start":{"line":24,"column":4},"end":{"line":26,"column":5}},{"start":{"line":24,"column":4},"end":{"line":26,"column":5}}],"line":24},"2":{"loc":{"start":{"line":29,"column":4},"end":{"line":31,"column":5}},"type":"if","locations":[{"start":{"line":29,"column":4},"end":{"line":31,"column":5}},{"start":{"line":29,"column":4},"end":{"line":31,"column":5}}],"line":29},"3":{"loc":{"start":{"line":50,"column":4},"end":{"line":64,"column":5}},"type":"if","locations":[{"start":{"line":50,"column":4},"end":{"line":64,"column":5}},{"start":{"line":50,"column":4},"end":{"line":64,"column":5}}],"line":50},"4":{"loc":{"start":{"line":69,"column":4},"end":{"line":74,"column":5}},"type":"if","locations":[{"start":{"line":69,"column":4},"end":{"line":74,"column":5}},{"start":{"line":69,"column":4},"end":{"line":74,"column":5}}],"line":69},"5":{"loc":{"start":{"line":76,"column":4},"end":{"line":78,"column":5}},"type":"if","locations":[{"start":{"line":76,"column":4},"end":{"line":78,"column":5}},{"start":{"line":76,"column":4},"end":{"line":78,"column":5}}],"line":76},"6":{"loc":{"start":{"line":82,"column":4},"end":{"line":128,"column":5}},"type":"if","locations":[{"start":{"line":82,"column":4},"end":{"line":128,"column":5}},{"start":{"line":82,"column":4},"end":{"line":128,"column":5}}],"line":82},"7":{"loc":{"start":{"line":87,"column":8},"end":{"line":119,"column":9}},"type":"if","locations":[{"start":{"line":87,"column":8},"end":{"line":119,"column":9}},{"start":{"line":87,"column":8},"end":{"line":119,"column":9}}],"line":87},"8":{"loc":{"start":{"line":93,"column":16},"end":{"line":119,"column":9}},"type":"if","locations":[{"start":{"line":93,"column":16},"end":{"line":119,"column":9}},{"start":{"line":93,"column":16},"end":{"line":119,"column":9}}],"line":93},"9":{"loc":{"start":{"line":138,"column":4},"end":{"line":143,"column":5}},"type":"if","locations":[{"start":{"line":138,"column":4},"end":{"line":143,"column":5}},{"start":{"line":138,"column":4},"end":{"line":143,"column":5}}],"line":138},"10":{"loc":{"start":{"line":147,"column":4},"end":{"line":152,"column":5}},"type":"if","locations":[{"start":{"line":147,"column":4},"end":{"line":152,"column":5}},{"start":{"line":147,"column":4},"end":{"line":152,"column":5}}],"line":147},"11":{"loc":{"start":{"line":161,"column":4},"end":{"line":173,"column":5}},"type":"if","locations":[{"start":{"line":161,"column":4},"end":{"line":173,"column":5}},{"start":{"line":161,"column":4},"end":{"line":173,"column":5}}],"line":161},"12":{"loc":{"start":{"line":177,"column":4},"end":{"line":179,"column":5}},"type":"if","locations":[{"start":{"line":177,"column":4},"end":{"line":179,"column":5}},{"start":{"line":177,"column":4},"end":{"line":179,"column":5}}],"line":177},"13":{"loc":{"start":{"line":183,"column":4},"end":{"line":195,"column":5}},"type":"if","locations":[{"start":{"line":183,"column":4},"end":{"line":195,"column":5}},{"start":{"line":183,"column":4},"end":{"line":195,"column":5}}],"line":183},"14":{"loc":{"start":{"line":210,"column":4},"end":{"line":219,"column":5}},"type":"if","locations":[{"start":{"line":210,"column":4},"end":{"line":219,"column":5}},{"start":{"line":210,"column":4},"end":{"line":219,"column":5}}],"line":210},"15":{"loc":{"start":{"line":226,"column":4},"end":{"line":256,"column":5}},"type":"if","locations":[{"start":{"line":226,"column":4},"end":{"line":256,"column":5}},{"start":{"line":226,"column":4},"end":{"line":256,"column":5}}],"line":226},"16":{"loc":{"start":{"line":237,"column":12},"end":{"line":248,"column":13}},"type":"if","locations":[{"start":{"line":237,"column":12},"end":{"line":248,"column":13}},{"start":{"line":237,"column":12},"end":{"line":248,"column":13}}],"line":237}},"s":{"0":1,"1":1,"2":1,"3":1,"4":1,"5":1,"6":1,"7":1,"8":1,"9":1,"10":1,"11":0,"12":1,"13":0,"14":1,"15":1,"16":1,"17":0,"18":0,"19":0,"20":0,"21":0,"22":0,"23":0,"24":0,"25":0,"26":0,"27":0,"28":0,"29":1,"30":1,"31":1,"32":0,"33":1,"34":0,"35":1,"36":1,"37":1,"38":1,"39":1,"40":1,"41":0,"42":1,"43":0,"44":1,"45":1,"46":1,"47":1,"48":1,"49":1,"50":0,"51":1,"52":0,"53":0,"54":0,"55":0,"56":0,"57":0,"58":0,"59":1,"60":1,"61":1,"62":0,"63":1,"64":1,"65":1,"66":1,"67":1,"68":1,"69":1,"70":1,"71":0,"72":1,"73":1,"74":1,"75":1,"76":0,"77":1,"78":1,"79":1,"80":1,"81":0,"82":1,"83":1,"84":0,"85":0,"86":0,"87":0,"88":0,"89":0,"90":1,"91":0,"92":0,"93":0,"94":0,"95":0,"96":0,"97":0,"98":0,"99":0},"f":{"0":1,"1":1,"2":0,"3":1,"4":1,"5":0,"6":0},"b":{"0":[0,1],"1":[0,1],"2":[1,0],"3":[0,0],"4":[0,1],"5":[0,1],"6":[1,0],"7":[0,1],"8":[0,1],"9":[0,0],"10":[0,1],"11":[0,1],"12":[0,1],"13":[0,1],"14":[0,0],"15":[0,0],"16":[0,0]},"_coverageSchema":"43e27e138ebf9cfc5966b082cf9a028302ed4184","hash":"a953cee717b362cfb7b7f5f177c09df07bf71dc3","contentHash":"0bb64a044f425f16dc7c07f092693963a2fcf345510be0578d865391517d78b0"},"/home/admin1/graphQL/Fundoo-Backend/middleware/sendMailer.js":{"path":"/home/admin1/graphQL/Fundoo-Backend/middleware/sendMailer.js","statementMap":{"0":{"start":{"line":1,"column":17},"end":{"line":1,"column":38}},"1":{"start":{"line":3,"column":16},"end":{"line":9,"column":4}},"2":{"start":{"line":11,"column":20},"end":{"line":16,"column":3}},"3":{"start":{"line":18,"column":2},"end":{"line":24,"column":4}},"4":{"start":{"line":19,"column":4},"end":{"line":23,"column":5}},"5":{"start":{"line":20,"column":6},"end":{"line":20,"column":25}},"6":{"start":{"line":22,"column":6},"end":{"line":22,"column":50}},"7":{"start":{"line":26,"column":0},"end":{"line":27,"column":1}}},"fnMap":{"0":{"name":"sendMailer","decl":{"start":{"line":2,"column":9},"end":{"line":2,"column":19}},"loc":{"start":{"line":2,"column":30},"end":{"line":25,"column":1}},"line":2},"1":{"name":"(anonymous_1)","decl":{"start":{"line":18,"column":36},"end":{"line":18,"column":37}},"loc":{"start":{"line":18,"column":57},"end":{"line":24,"column":3}},"line":18}},"branchMap":{"0":{"loc":{"start":{"line":19,"column":4},"end":{"line":23,"column":5}},"type":"if","locations":[{"start":{"line":19,"column":4},"end":{"line":23,"column":5}},{"start":{"line":19,"column":4},"end":{"line":23,"column":5}}],"line":19}},"s":{"0":1,"1":1,"2":1,"3":1,"4":1,"5":0,"6":1,"7":1},"f":{"0":1,"1":1},"b":{"0":[0,1]},"_coverageSchema":"43e27e138ebf9cfc5966b082cf9a028302ed4184","hash":"ebf42f65af6305b7cae91116f919135d8e02d2fb","contentHash":"993d8144782fa950f0a7338b273e7d3c0103ccceb2f403467d0dfe6152651403"},"/home/admin1/graphQL/Fundoo-Backend/GraphQL/Mutation/label.js":{"path":"/home/admin1/graphQL/Fundoo-Backend/GraphQL/Mutation/label.js","statementMap":{"0":{"start":{"line":1,"column":19},"end":{"line":1,"column":55}},"1":{"start":{"line":2,"column":23},"end":{"line":2,"column":63}},"2":{"start":{"line":4,"column":0},"end":{"line":51,"column":1}},"3":{"start":{"line":5,"column":24},"end":{"line":5,"column":49}},"4":{"start":{"line":6,"column":4},"end":{"line":6,"column":59}},"5":{"start":{"line":7,"column":4},"end":{"line":50,"column":5}},"6":{"start":{"line":8,"column":20},"end":{"line":8,"column":96}},"7":{"start":{"line":9,"column":8},"end":{"line":9,"column":67}},"8":{"start":{"line":10,"column":8},"end":{"line":10,"column":46}},"9":{"start":{"line":11,"column":8},"end":{"line":11,"column":36}},"10":{"start":{"line":12,"column":8},"end":{"line":12,"column":35}},"11":{"start":{"line":13,"column":8},"end":{"line":43,"column":9}},"12":{"start":{"line":14,"column":12},"end":{"line":17,"column":13}},"13":{"start":{"line":20,"column":27},"end":{"line":26,"column":14}},"14":{"start":{"line":27,"column":29},"end":{"line":27,"column":50}},"15":{"start":{"line":28,"column":12},"end":{"line":42,"column":13}},"16":{"start":{"line":29,"column":16},"end":{"line":35,"column":17}},"17":{"start":{"line":38,"column":16},"end":{"line":41,"column":17}},"18":{"start":{"line":46,"column":8},"end":{"line":49,"column":9}},"19":{"start":{"line":52,"column":0},"end":{"line":76,"column":1}},"20":{"start":{"line":55,"column":22},"end":{"line":63,"column":10}},"21":{"start":{"line":64,"column":4},"end":{"line":75,"column":5}},"22":{"start":{"line":65,"column":8},"end":{"line":68,"column":9}},"23":{"start":{"line":71,"column":8},"end":{"line":74,"column":9}},"24":{"start":{"line":81,"column":0},"end":{"line":95,"column":1}},"25":{"start":{"line":82,"column":22},"end":{"line":82,"column":73}},"26":{"start":{"line":83,"column":4},"end":{"line":94,"column":5}},"27":{"start":{"line":84,"column":8},"end":{"line":87,"column":9}},"28":{"start":{"line":90,"column":8},"end":{"line":93,"column":9}}},"fnMap":{"0":{"name":"(anonymous_0)","decl":{"start":{"line":4,"column":22},"end":{"line":4,"column":23}},"loc":{"start":{"line":4,"column":55},"end":{"line":51,"column":1}},"line":4},"1":{"name":"(anonymous_1)","decl":{"start":{"line":52,"column":22},"end":{"line":52,"column":23}},"loc":{"start":{"line":52,"column":48},"end":{"line":76,"column":1}},"line":52},"2":{"name":"(anonymous_2)","decl":{"start":{"line":81,"column":22},"end":{"line":81,"column":23}},"loc":{"start":{"line":81,"column":46},"end":{"line":95,"column":1}},"line":81}},"branchMap":{"0":{"loc":{"start":{"line":7,"column":4},"end":{"line":50,"column":5}},"type":"if","locations":[{"start":{"line":7,"column":4},"end":{"line":50,"column":5}},{"start":{"line":7,"column":4},"end":{"line":50,"column":5}}],"line":7},"1":{"loc":{"start":{"line":13,"column":8},"end":{"line":43,"column":9}},"type":"if","locations":[{"start":{"line":13,"column":8},"end":{"line":43,"column":9}},{"start":{"line":13,"column":8},"end":{"line":43,"column":9}}],"line":13},"2":{"loc":{"start":{"line":28,"column":12},"end":{"line":42,"column":13}},"type":"if","locations":[{"start":{"line":28,"column":12},"end":{"line":42,"column":13}},{"start":{"line":28,"column":12},"end":{"line":42,"column":13}}],"line":28},"3":{"loc":{"start":{"line":64,"column":4},"end":{"line":75,"column":5}},"type":"if","locations":[{"start":{"line":64,"column":4},"end":{"line":75,"column":5}},{"start":{"line":64,"column":4},"end":{"line":75,"column":5}}],"line":64},"4":{"loc":{"start":{"line":83,"column":4},"end":{"line":94,"column":5}},"type":"if","locations":[{"start":{"line":83,"column":4},"end":{"line":94,"column":5}},{"start":{"line":83,"column":4},"end":{"line":94,"column":5}}],"line":83}},"s":{"0":1,"1":1,"2":1,"3":0,"4":0,"5":0,"6":0,"7":0,"8":0,"9":0,"10":0,"11":0,"12":0,"13":0,"14":0,"15":0,"16":0,"17":0,"18":0,"19":1,"20":0,"21":0,"22":0,"23":0,"24":1,"25":0,"26":0,"27":0,"28":0},"f":{"0":0,"1":0,"2":0},"b":{"0":[0,0],"1":[0,0],"2":[0,0],"3":[0,0],"4":[0,0]},"_coverageSchema":"43e27e138ebf9cfc5966b082cf9a028302ed4184","hash":"17b44db3d6c2761bb249eab719ab17d4edb84540","contentHash":"5612f81c13a016e72b24a0e41ae61cf6f22bd35ce96bc71aa8b762541af6d04b"},"/home/admin1/graphQL/Fundoo-Backend/GraphQL/Mutation/note.js":{"path":"/home/admin1/graphQL/Fundoo-Backend/GraphQL/Mutation/note.js","statementMap":{"0":{"start":{"line":1,"column":18},"end":{"line":1,"column":53}},"1":{"start":{"line":2,"column":23},"end":{"line":2,"column":63}},"2":{"start":{"line":3,"column":0},"end":{"line":27,"column":1}},"3":{"start":{"line":4,"column":24},"end":{"line":4,"column":49}},"4":{"start":{"line":5,"column":18},"end":{"line":9,"column":6}},"5":{"start":{"line":10,"column":20},"end":{"line":10,"column":40}},"6":{"start":{"line":11,"column":4},"end":{"line":11,"column":57}},"7":{"start":{"line":12,"column":4},"end":{"line":25,"column":5}},"8":{"start":{"line":13,"column":8},"end":{"line":18,"column":9}},"9":{"start":{"line":21,"column":8},"end":{"line":24,"column":9}},"10":{"start":{"line":30,"column":0},"end":{"line":57,"column":1}},"11":{"start":{"line":34,"column":21},"end":{"line":43,"column":5}},"12":{"start":{"line":44,"column":4},"end":{"line":55,"column":5}},"13":{"start":{"line":45,"column":8},"end":{"line":48,"column":9}},"14":{"start":{"line":51,"column":8},"end":{"line":54,"column":9}},"15":{"start":{"line":60,"column":0},"end":{"line":74,"column":1}},"16":{"start":{"line":61,"column":21},"end":{"line":61,"column":78}},"17":{"start":{"line":62,"column":4},"end":{"line":73,"column":5}},"18":{"start":{"line":63,"column":8},"end":{"line":66,"column":9}},"19":{"start":{"line":69,"column":8},"end":{"line":72,"column":9}},"20":{"start":{"line":77,"column":0},"end":{"line":106,"column":1}},"21":{"start":{"line":78,"column":16},"end":{"line":78,"column":81}},"22":{"start":{"line":79,"column":4},"end":{"line":79,"column":55}},"23":{"start":{"line":80,"column":4},"end":{"line":85,"column":5}},"24":{"start":{"line":81,"column":8},"end":{"line":84,"column":9}},"25":{"start":{"line":87,"column":19},"end":{"line":92,"column":10}},"26":{"start":{"line":93,"column":4},"end":{"line":105,"column":5}},"27":{"start":{"line":94,"column":8},"end":{"line":97,"column":9}},"28":{"start":{"line":100,"column":8},"end":{"line":104,"column":9}},"29":{"start":{"line":109,"column":0},"end":{"line":127,"column":1}},"30":{"start":{"line":110,"column":4},"end":{"line":126,"column":5}},"31":{"start":{"line":111,"column":28},"end":{"line":111,"column":53}},"32":{"start":{"line":112,"column":19},"end":{"line":112,"column":71}},"33":{"start":{"line":113,"column":8},"end":{"line":113,"column":38}},"34":{"start":{"line":114,"column":8},"end":{"line":118,"column":9}},"35":{"start":{"line":122,"column":8},"end":{"line":125,"column":9}},"36":{"start":{"line":130,"column":0},"end":{"line":165,"column":1}},"37":{"start":{"line":131,"column":4},"end":{"line":163,"column":5}},"38":{"start":{"line":132,"column":24},"end":{"line":132,"column":69}},"39":{"start":{"line":133,"column":8},"end":{"line":133,"column":30}},"40":{"start":{"line":134,"column":8},"end":{"line":134,"column":39}},"41":{"start":{"line":135,"column":8},"end":{"line":157,"column":9}},"42":{"start":{"line":136,"column":12},"end":{"line":139,"column":13}},"43":{"start":{"line":141,"column":13},"end":{"line":157,"column":9}},"44":{"start":{"line":142,"column":12},"end":{"line":145,"column":13}},"45":{"start":{"line":148,"column":32},"end":{"line":151,"column":18}},"46":{"start":{"line":152,"column":12},"end":{"line":152,"column":64}},"47":{"start":{"line":153,"column":12},"end":{"line":156,"column":13}},"48":{"start":{"line":160,"column":8},"end":{"line":162,"column":9}},"49":{"start":{"line":167,"column":0},"end":{"line":203,"column":1}},"50":{"start":{"line":168,"column":4},"end":{"line":201,"column":5}},"51":{"start":{"line":169,"column":28},"end":{"line":169,"column":53}},"52":{"start":{"line":170,"column":24},"end":{"line":170,"column":95}},"53":{"start":{"line":171,"column":8},"end":{"line":171,"column":45}},"54":{"start":{"line":172,"column":8},"end":{"line":194,"column":9}},"55":{"start":{"line":173,"column":12},"end":{"line":176,"column":13}},"56":{"start":{"line":177,"column":13},"end":{"line":194,"column":9}},"57":{"start":{"line":178,"column":12},"end":{"line":181,"column":13}},"58":{"start":{"line":184,"column":28},"end":{"line":188,"column":14}},"59":{"start":{"line":189,"column":12},"end":{"line":189,"column":55}},"60":{"start":{"line":190,"column":12},"end":{"line":193,"column":13}},"61":{"start":{"line":198,"column":8},"end":{"line":200,"column":9}},"62":{"start":{"line":206,"column":0},"end":{"line":230,"column":1}},"63":{"start":{"line":207,"column":4},"end":{"line":207,"column":41}},"64":{"start":{"line":208,"column":18},"end":{"line":208,"column":37}},"65":{"start":{"line":209,"column":4},"end":{"line":228,"column":5}},"66":{"start":{"line":210,"column":28},"end":{"line":210,"column":53}},"67":{"start":{"line":211,"column":24},"end":{"line":211,"column":95}},"68":{"start":{"line":212,"column":8},"end":{"line":227,"column":9}},"69":{"start":{"line":213,"column":12},"end":{"line":216,"column":13}},"70":{"start":{"line":219,"column":32},"end":{"line":221,"column":14}},"71":{"start":{"line":222,"column":12},"end":{"line":222,"column":38}},"72":{"start":{"line":223,"column":12},"end":{"line":226,"column":13}},"73":{"start":{"line":232,"column":0},"end":{"line":263,"column":1}},"74":{"start":{"line":233,"column":4},"end":{"line":261,"column":5}},"75":{"start":{"line":234,"column":28},"end":{"line":234,"column":53}},"76":{"start":{"line":235,"column":24},"end":{"line":235,"column":99}},"77":{"start":{"line":236,"column":8},"end":{"line":236,"column":30}},"78":{"start":{"line":237,"column":8},"end":{"line":237,"column":39}},"79":{"start":{"line":238,"column":8},"end":{"line":255,"column":9}},"80":{"start":{"line":239,"column":12},"end":{"line":242,"column":13}},"81":{"start":{"line":246,"column":32},"end":{"line":249,"column":18}},"82":{"start":{"line":250,"column":12},"end":{"line":250,"column":64}},"83":{"start":{"line":251,"column":12},"end":{"line":254,"column":13}},"84":{"start":{"line":258,"column":8},"end":{"line":260,"column":9}},"85":{"start":{"line":266,"column":0},"end":{"line":297,"column":1}},"86":{"start":{"line":267,"column":4},"end":{"line":295,"column":5}},"87":{"start":{"line":268,"column":28},"end":{"line":268,"column":53}},"88":{"start":{"line":269,"column":24},"end":{"line":269,"column":95}},"89":{"start":{"line":270,"column":8},"end":{"line":270,"column":45}},"90":{"start":{"line":271,"column":8},"end":{"line":288,"column":9}},"91":{"start":{"line":272,"column":12},"end":{"line":275,"column":13}},"92":{"start":{"line":278,"column":28},"end":{"line":282,"column":14}},"93":{"start":{"line":283,"column":12},"end":{"line":283,"column":55}},"94":{"start":{"line":284,"column":12},"end":{"line":287,"column":13}},"95":{"start":{"line":292,"column":8},"end":{"line":294,"column":9}},"96":{"start":{"line":300,"column":0},"end":{"line":326,"column":1}},"97":{"start":{"line":301,"column":4},"end":{"line":324,"column":5}},"98":{"start":{"line":302,"column":28},"end":{"line":302,"column":53}},"99":{"start":{"line":303,"column":24},"end":{"line":303,"column":95}},"100":{"start":{"line":304,"column":8},"end":{"line":318,"column":9}},"101":{"start":{"line":305,"column":12},"end":{"line":308,"column":13}},"102":{"start":{"line":311,"column":12},"end":{"line":313,"column":14}},"103":{"start":{"line":314,"column":12},"end":{"line":317,"column":13}},"104":{"start":{"line":321,"column":8},"end":{"line":323,"column":9}}},"fnMap":{"0":{"name":"(anonymous_0)","decl":{"start":{"line":3,"column":21},"end":{"line":3,"column":22}},"loc":{"start":{"line":3,"column":54},"end":{"line":27,"column":1}},"line":3},"1":{"name":"(anonymous_1)","decl":{"start":{"line":30,"column":21},"end":{"line":30,"column":22}},"loc":{"start":{"line":30,"column":47},"end":{"line":57,"column":1}},"line":30},"2":{"name":"(anonymous_2)","decl":{"start":{"line":60,"column":21},"end":{"line":60,"column":22}},"loc":{"start":{"line":60,"column":45},"end":{"line":74,"column":1}},"line":60},"3":{"name":"(anonymous_3)","decl":{"start":{"line":77,"column":19},"end":{"line":77,"column":20}},"loc":{"start":{"line":77,"column":43},"end":{"line":106,"column":1}},"line":77},"4":{"name":"(anonymous_4)","decl":{"start":{"line":109,"column":21},"end":{"line":109,"column":22}},"loc":{"start":{"line":109,"column":54},"end":{"line":127,"column":1}},"line":109},"5":{"name":"(anonymous_5)","decl":{"start":{"line":130,"column":24},"end":{"line":130,"column":25}},"loc":{"start":{"line":130,"column":57},"end":{"line":165,"column":1}},"line":130},"6":{"name":"(anonymous_6)","decl":{"start":{"line":167,"column":21},"end":{"line":167,"column":22}},"loc":{"start":{"line":167,"column":54},"end":{"line":203,"column":1}},"line":167},"7":{"name":"(anonymous_7)","decl":{"start":{"line":206,"column":24},"end":{"line":206,"column":25}},"loc":{"start":{"line":206,"column":57},"end":{"line":230,"column":1}},"line":206},"8":{"name":"(anonymous_8)","decl":{"start":{"line":232,"column":25},"end":{"line":232,"column":26}},"loc":{"start":{"line":232,"column":58},"end":{"line":263,"column":1}},"line":232},"9":{"name":"(anonymous_9)","decl":{"start":{"line":266,"column":22},"end":{"line":266,"column":23}},"loc":{"start":{"line":266,"column":55},"end":{"line":297,"column":1}},"line":266},"10":{"name":"(anonymous_10)","decl":{"start":{"line":300,"column":26},"end":{"line":300,"column":27}},"loc":{"start":{"line":300,"column":59},"end":{"line":326,"column":1}},"line":300}},"branchMap":{"0":{"loc":{"start":{"line":12,"column":4},"end":{"line":25,"column":5}},"type":"if","locations":[{"start":{"line":12,"column":4},"end":{"line":25,"column":5}},{"start":{"line":12,"column":4},"end":{"line":25,"column":5}}],"line":12},"1":{"loc":{"start":{"line":44,"column":4},"end":{"line":55,"column":5}},"type":"if","locations":[{"start":{"line":44,"column":4},"end":{"line":55,"column":5}},{"start":{"line":44,"column":4},"end":{"line":55,"column":5}}],"line":44},"2":{"loc":{"start":{"line":62,"column":4},"end":{"line":73,"column":5}},"type":"if","locations":[{"start":{"line":62,"column":4},"end":{"line":73,"column":5}},{"start":{"line":62,"column":4},"end":{"line":73,"column":5}}],"line":62},"3":{"loc":{"start":{"line":80,"column":4},"end":{"line":85,"column":5}},"type":"if","locations":[{"start":{"line":80,"column":4},"end":{"line":85,"column":5}},{"start":{"line":80,"column":4},"end":{"line":85,"column":5}}],"line":80},"4":{"loc":{"start":{"line":93,"column":4},"end":{"line":105,"column":5}},"type":"if","locations":[{"start":{"line":93,"column":4},"end":{"line":105,"column":5}},{"start":{"line":93,"column":4},"end":{"line":105,"column":5}}],"line":93},"5":{"loc":{"start":{"line":110,"column":4},"end":{"line":126,"column":5}},"type":"if","locations":[{"start":{"line":110,"column":4},"end":{"line":126,"column":5}},{"start":{"line":110,"column":4},"end":{"line":126,"column":5}}],"line":110},"6":{"loc":{"start":{"line":131,"column":4},"end":{"line":163,"column":5}},"type":"if","locations":[{"start":{"line":131,"column":4},"end":{"line":163,"column":5}},{"start":{"line":131,"column":4},"end":{"line":163,"column":5}}],"line":131},"7":{"loc":{"start":{"line":135,"column":8},"end":{"line":157,"column":9}},"type":"if","locations":[{"start":{"line":135,"column":8},"end":{"line":157,"column":9}},{"start":{"line":135,"column":8},"end":{"line":157,"column":9}}],"line":135},"8":{"loc":{"start":{"line":141,"column":13},"end":{"line":157,"column":9}},"type":"if","locations":[{"start":{"line":141,"column":13},"end":{"line":157,"column":9}},{"start":{"line":141,"column":13},"end":{"line":157,"column":9}}],"line":141},"9":{"loc":{"start":{"line":168,"column":4},"end":{"line":201,"column":5}},"type":"if","locations":[{"start":{"line":168,"column":4},"end":{"line":201,"column":5}},{"start":{"line":168,"column":4},"end":{"line":201,"column":5}}],"line":168},"10":{"loc":{"start":{"line":172,"column":8},"end":{"line":194,"column":9}},"type":"if","locations":[{"start":{"line":172,"column":8},"end":{"line":194,"column":9}},{"start":{"line":172,"column":8},"end":{"line":194,"column":9}}],"line":172},"11":{"loc":{"start":{"line":177,"column":13},"end":{"line":194,"column":9}},"type":"if","locations":[{"start":{"line":177,"column":13},"end":{"line":194,"column":9}},{"start":{"line":177,"column":13},"end":{"line":194,"column":9}}],"line":177},"12":{"loc":{"start":{"line":209,"column":4},"end":{"line":228,"column":5}},"type":"if","locations":[{"start":{"line":209,"column":4},"end":{"line":228,"column":5}},{"start":{"line":209,"column":4},"end":{"line":228,"column":5}}],"line":209},"13":{"loc":{"start":{"line":212,"column":8},"end":{"line":227,"column":9}},"type":"if","locations":[{"start":{"line":212,"column":8},"end":{"line":227,"column":9}},{"start":{"line":212,"column":8},"end":{"line":227,"column":9}}],"line":212},"14":{"loc":{"start":{"line":233,"column":4},"end":{"line":261,"column":5}},"type":"if","locations":[{"start":{"line":233,"column":4},"end":{"line":261,"column":5}},{"start":{"line":233,"column":4},"end":{"line":261,"column":5}}],"line":233},"15":{"loc":{"start":{"line":238,"column":8},"end":{"line":255,"column":9}},"type":"if","locations":[{"start":{"line":238,"column":8},"end":{"line":255,"column":9}},{"start":{"line":238,"column":8},"end":{"line":255,"column":9}}],"line":238},"16":{"loc":{"start":{"line":267,"column":4},"end":{"line":295,"column":5}},"type":"if","locations":[{"start":{"line":267,"column":4},"end":{"line":295,"column":5}},{"start":{"line":267,"column":4},"end":{"line":295,"column":5}}],"line":267},"17":{"loc":{"start":{"line":271,"column":8},"end":{"line":288,"column":9}},"type":"if","locations":[{"start":{"line":271,"column":8},"end":{"line":288,"column":9}},{"start":{"line":271,"column":8},"end":{"line":288,"column":9}}],"line":271},"18":{"loc":{"start":{"line":301,"column":4},"end":{"line":324,"column":5}},"type":"if","locations":[{"start":{"line":301,"column":4},"end":{"line":324,"column":5}},{"start":{"line":301,"column":4},"end":{"line":324,"column":5}}],"line":301},"19":{"loc":{"start":{"line":304,"column":8},"end":{"line":318,"column":9}},"type":"if","locations":[{"start":{"line":304,"column":8},"end":{"line":318,"column":9}},{"start":{"line":304,"column":8},"end":{"line":318,"column":9}}],"line":304}},"s":{"0":1,"1":1,"2":1,"3":1,"4":1,"5":1,"6":1,"7":1,"8":1,"9":0,"10":1,"11":1,"12":0,"13":0,"14":0,"15":1,"16":1,"17":1,"18":0,"19":1,"20":1,"21":1,"22":1,"23":1,"24":0,"25":1,"26":1,"27":1,"28":0,"29":1,"30":0,"31":0,"32":0,"33":0,"34":0,"35":0,"36":1,"37":1,"38":1,"39":1,"40":1,"41":0,"42":0,"43":0,"44":0,"45":0,"46":0,"47":0,"48":0,"49":1,"50":1,"51":1,"52":1,"53":1,"54":1,"55":1,"56":0,"57":0,"58":0,"59":0,"60":0,"61":0,"62":1,"63":1,"64":1,"65":1,"66":1,"67":1,"68":1,"69":1,"70":0,"71":0,"72":0,"73":1,"74":1,"75":1,"76":1,"77":1,"78":1,"79":0,"80":0,"81":0,"82":0,"83":0,"84":0,"85":1,"86":1,"87":1,"88":1,"89":1,"90":1,"91":1,"92":0,"93":0,"94":0,"95":0,"96":1,"97":1,"98":1,"99":1,"100":1,"101":1,"102":0,"103":0,"104":0},"f":{"0":1,"1":1,"2":1,"3":1,"4":0,"5":1,"6":1,"7":1,"8":1,"9":1,"10":1},"b":{"0":[1,0],"1":[0,0],"2":[0,1],"3":[0,1],"4":[1,0],"5":[0,0],"6":[1,0],"7":[0,0],"8":[0,0],"9":[1,0],"10":[1,0],"11":[0,0],"12":[1,0],"13":[1,0],"14":[1,0],"15":[0,0],"16":[1,0],"17":[1,0],"18":[1,0],"19":[1,0]},"_coverageSchema":"43e27e138ebf9cfc5966b082cf9a028302ed4184","hash":"68358692339105290ac191f3db091cdb697631e2","contentHash":"46e1fc66d79b6e3c7c37d2ec09f190e46cc8e8bb782855706e3ccb621ac7fbb4"},"/home/admin1/graphQL/Fundoo-Backend/GraphQL/Mutation/OAuth.js":{"path":"/home/admin1/graphQL/Fundoo-Backend/GraphQL/Mutation/OAuth.js","statementMap":{"0":{"start":{"line":1,"column":14},"end":{"line":1,"column":30}},"1":{"start":{"line":2,"column":18},"end":{"line":2,"column":53}},"2":{"start":{"line":3,"column":23},"end":{"line":3,"column":61}},"3":{"start":{"line":4,"column":12},"end":{"line":4,"column":35}},"4":{"start":{"line":5,"column":23},"end":{"line":5,"column":63}},"5":{"start":{"line":9,"column":0},"end":{"line":96,"column":1}},"6":{"start":{"line":11,"column":4},"end":{"line":43,"column":5}},"7":{"start":{"line":12,"column":8},"end":{"line":12,"column":33}},"8":{"start":{"line":14,"column":8},"end":{"line":34,"column":14}},"9":{"start":{"line":26,"column":37},"end":{"line":26,"column":63}},"10":{"start":{"line":27,"column":16},"end":{"line":27,"column":56}},"11":{"start":{"line":29,"column":16},"end":{"line":29,"column":38}},"12":{"start":{"line":33,"column":16},"end":{"line":33,"column":32}},"13":{"start":{"line":38,"column":8},"end":{"line":41,"column":9}},"14":{"start":{"line":49,"column":8},"end":{"line":93,"column":14}},"15":{"start":{"line":61,"column":16},"end":{"line":61,"column":69}},"16":{"start":{"line":63,"column":31},"end":{"line":63,"column":80}},"17":{"start":{"line":64,"column":16},"end":{"line":64,"column":59}},"18":{"start":{"line":65,"column":16},"end":{"line":65,"column":76}},"19":{"start":{"line":67,"column":16},"end":{"line":88,"column":17}},"20":{"start":{"line":68,"column":34},"end":{"line":68,"column":160}},"21":{"start":{"line":69,"column":36},"end":{"line":69,"column":56}},"22":{"start":{"line":70,"column":20},"end":{"line":70,"column":64}},"23":{"start":{"line":71,"column":20},"end":{"line":71,"column":58}},"24":{"start":{"line":73,"column":20},"end":{"line":83,"column":21}},"25":{"start":{"line":75,"column":36},"end":{"line":75,"column":82}},"26":{"start":{"line":76,"column":24},"end":{"line":76,"column":60}},"27":{"start":{"line":78,"column":24},"end":{"line":78,"column":70}},"28":{"start":{"line":79,"column":34},"end":{"line":79,"column":76}},"29":{"start":{"line":80,"column":24},"end":{"line":80,"column":56}},"30":{"start":{"line":82,"column":24},"end":{"line":82,"column":60}},"31":{"start":{"line":87,"column":20},"end":{"line":87,"column":53}},"32":{"start":{"line":92,"column":16},"end":{"line":92,"column":32}},"33":{"start":{"line":98,"column":0},"end":{"line":117,"column":1}},"34":{"start":{"line":99,"column":24},"end":{"line":99,"column":49}},"35":{"start":{"line":100,"column":4},"end":{"line":115,"column":5}},"36":{"start":{"line":101,"column":28},"end":{"line":101,"column":110}},"37":{"start":{"line":102,"column":8},"end":{"line":114,"column":9}},"38":{"start":{"line":103,"column":12},"end":{"line":106,"column":13}},"39":{"start":{"line":110,"column":12},"end":{"line":113,"column":13}}},"fnMap":{"0":{"name":"(anonymous_0)","decl":{"start":{"line":9,"column":16},"end":{"line":9,"column":17}},"loc":{"start":{"line":9,"column":47},"end":{"line":96,"column":1}},"line":9},"1":{"name":"(anonymous_1)","decl":{"start":{"line":25,"column":18},"end":{"line":25,"column":19}},"loc":{"start":{"line":25,"column":38},"end":{"line":30,"column":13}},"line":25},"2":{"name":"(anonymous_2)","decl":{"start":{"line":32,"column":19},"end":{"line":32,"column":20}},"loc":{"start":{"line":32,"column":34},"end":{"line":34,"column":13}},"line":32},"3":{"name":"axiosGet","decl":{"start":{"line":48,"column":13},"end":{"line":48,"column":21}},"loc":{"start":{"line":48,"column":36},"end":{"line":94,"column":5}},"line":48},"4":{"name":"(anonymous_4)","decl":{"start":{"line":60,"column":18},"end":{"line":60,"column":19}},"loc":{"start":{"line":60,"column":36},"end":{"line":90,"column":13}},"line":60},"5":{"name":"(anonymous_5)","decl":{"start":{"line":91,"column":19},"end":{"line":91,"column":20}},"loc":{"start":{"line":91,"column":34},"end":{"line":93,"column":13}},"line":91},"6":{"name":"(anonymous_6)","decl":{"start":{"line":98,"column":22},"end":{"line":98,"column":23}},"loc":{"start":{"line":98,"column":53},"end":{"line":117,"column":1}},"line":98}},"branchMap":{"0":{"loc":{"start":{"line":11,"column":4},"end":{"line":43,"column":5}},"type":"if","locations":[{"start":{"line":11,"column":4},"end":{"line":43,"column":5}},{"start":{"line":11,"column":4},"end":{"line":43,"column":5}}],"line":11},"1":{"loc":{"start":{"line":67,"column":16},"end":{"line":88,"column":17}},"type":"if","locations":[{"start":{"line":67,"column":16},"end":{"line":88,"column":17}},{"start":{"line":67,"column":16},"end":{"line":88,"column":17}}],"line":67},"2":{"loc":{"start":{"line":73,"column":20},"end":{"line":83,"column":21}},"type":"if","locations":[{"start":{"line":73,"column":20},"end":{"line":83,"column":21}},{"start":{"line":73,"column":20},"end":{"line":83,"column":21}}],"line":73},"3":{"loc":{"start":{"line":100,"column":4},"end":{"line":115,"column":5}},"type":"if","locations":[{"start":{"line":100,"column":4},"end":{"line":115,"column":5}},{"start":{"line":100,"column":4},"end":{"line":115,"column":5}}],"line":100},"4":{"loc":{"start":{"line":102,"column":8},"end":{"line":114,"column":9}},"type":"if","locations":[{"start":{"line":102,"column":8},"end":{"line":114,"column":9}},{"start":{"line":102,"column":8},"end":{"line":114,"column":9}}],"line":102}},"s":{"0":1,"1":1,"2":1,"3":1,"4":1,"5":1,"6":0,"7":0,"8":0,"9":0,"10":0,"11":0,"12":0,"13":0,"14":0,"15":0,"16":0,"17":0,"18":0,"19":0,"20":0,"21":0,"22":0,"23":0,"24":0,"25":0,"26":0,"27":0,"28":0,"29":0,"30":0,"31":0,"32":0,"33":1,"34":0,"35":0,"36":0,"37":0,"38":0,"39":0},"f":{"0":0,"1":0,"2":0,"3":0,"4":0,"5":0,"6":0},"b":{"0":[0,0],"1":[0,0],"2":[0,0],"3":[0,0],"4":[0,0]},"_coverageSchema":"43e27e138ebf9cfc5966b082cf9a028302ed4184","hash":"17f99c95dd18da10e928430b4f43c7f91abe1371","contentHash":"938eadceffe14f59e5543546cbf8e1c3414a24f3c31d58600101d0bfee9c858e"},"/home/admin1/graphQL/Fundoo-Backend/GraphQL/Mutation/gitRepository.js":{"path":"/home/admin1/graphQL/Fundoo-Backend/GraphQL/Mutation/gitRepository.js","statementMap":{"0":{"start":{"line":1,"column":18},"end":{"line":1,"column":53}},"1":{"start":{"line":2,"column":23},"end":{"line":2,"column":63}},"2":{"start":{"line":3,"column":30},"end":{"line":3,"column":53}},"3":{"start":{"line":4,"column":18},"end":{"line":4,"column":53}},"4":{"start":{"line":5,"column":25},"end":{"line":5,"column":65}},"5":{"start":{"line":13,"column":0},"end":{"line":112,"column":1}},"6":{"start":{"line":15,"column":17},"end":{"line":18,"column":5}},"7":{"start":{"line":19,"column":4},"end":{"line":111,"column":5}},"8":{"start":{"line":20,"column":8},"end":{"line":23,"column":9}},"9":{"start":{"line":22,"column":12},"end":{"line":22,"column":72}},"10":{"start":{"line":25,"column":8},"end":{"line":96,"column":9}},"11":{"start":{"line":27,"column":32},"end":{"line":27,"column":57}},"12":{"start":{"line":30,"column":23},"end":{"line":30,"column":72}},"13":{"start":{"line":31,"column":12},"end":{"line":31,"column":40}},"14":{"start":{"line":32,"column":31},"end":{"line":32,"column":47}},"15":{"start":{"line":33,"column":12},"end":{"line":33,"column":51}},"16":{"start":{"line":35,"column":12},"end":{"line":91,"column":13}},"17":{"start":{"line":36,"column":16},"end":{"line":36,"column":54}},"18":{"start":{"line":40,"column":17},"end":{"line":91,"column":13}},"19":{"start":{"line":41,"column":16},"end":{"line":41,"column":59}},"20":{"start":{"line":46,"column":32},"end":{"line":48,"column":18}},"21":{"start":{"line":50,"column":16},"end":{"line":50,"column":54}},"22":{"start":{"line":53,"column":28},"end":{"line":55,"column":18}},"23":{"start":{"line":58,"column":39},"end":{"line":58,"column":84}},"24":{"start":{"line":59,"column":16},"end":{"line":59,"column":67}},"25":{"start":{"line":60,"column":16},"end":{"line":60,"column":52}},"26":{"start":{"line":62,"column":37},"end":{"line":62,"column":87}},"27":{"start":{"line":63,"column":16},"end":{"line":63,"column":81}},"28":{"start":{"line":64,"column":16},"end":{"line":86,"column":17}},"29":{"start":{"line":64,"column":29},"end":{"line":64,"column":30}},"30":{"start":{"line":65,"column":36},"end":{"line":65,"column":41}},"31":{"start":{"line":66,"column":20},"end":{"line":70,"column":21}},"32":{"start":{"line":66,"column":33},"end":{"line":66,"column":34}},"33":{"start":{"line":67,"column":24},"end":{"line":69,"column":25}},"34":{"start":{"line":68,"column":28},"end":{"line":68,"column":44}},"35":{"start":{"line":72,"column":20},"end":{"line":85,"column":21}},"36":{"start":{"line":73,"column":38},"end":{"line":77,"column":26}},"37":{"start":{"line":82,"column":40},"end":{"line":82,"column":60}},"38":{"start":{"line":83,"column":24},"end":{"line":83,"column":46}},"39":{"start":{"line":87,"column":24},"end":{"line":90,"column":25}},"40":{"start":{"line":95,"column":12},"end":{"line":95,"column":49}},"41":{"start":{"line":101,"column":8},"end":{"line":110,"column":9}},"42":{"start":{"line":105,"column":12},"end":{"line":105,"column":26}},"43":{"start":{"line":108,"column":12},"end":{"line":108,"column":39}},"44":{"start":{"line":109,"column":12},"end":{"line":109,"column":25}}},"fnMap":{"0":{"name":"(anonymous_0)","decl":{"start":{"line":13,"column":24},"end":{"line":13,"column":25}},"loc":{"start":{"line":13,"column":57},"end":{"line":112,"column":1}},"line":13}},"branchMap":{"0":{"loc":{"start":{"line":20,"column":8},"end":{"line":23,"column":9}},"type":"if","locations":[{"start":{"line":20,"column":8},"end":{"line":23,"column":9}},{"start":{"line":20,"column":8},"end":{"line":23,"column":9}}],"line":20},"1":{"loc":{"start":{"line":20,"column":12},"end":{"line":20,"column":53}},"type":"binary-expr","locations":[{"start":{"line":20,"column":12},"end":{"line":20,"column":27}},{"start":{"line":20,"column":31},"end":{"line":20,"column":53}}],"line":20},"2":{"loc":{"start":{"line":25,"column":8},"end":{"line":96,"column":9}},"type":"if","locations":[{"start":{"line":25,"column":8},"end":{"line":96,"column":9}},{"start":{"line":25,"column":8},"end":{"line":96,"column":9}}],"line":25},"3":{"loc":{"start":{"line":35,"column":12},"end":{"line":91,"column":13}},"type":"if","locations":[{"start":{"line":35,"column":12},"end":{"line":91,"column":13}},{"start":{"line":35,"column":12},"end":{"line":91,"column":13}}],"line":35},"4":{"loc":{"start":{"line":40,"column":17},"end":{"line":91,"column":13}},"type":"if","locations":[{"start":{"line":40,"column":17},"end":{"line":91,"column":13}},{"start":{"line":40,"column":17},"end":{"line":91,"column":13}}],"line":40},"5":{"loc":{"start":{"line":67,"column":24},"end":{"line":69,"column":25}},"type":"if","locations":[{"start":{"line":67,"column":24},"end":{"line":69,"column":25}},{"start":{"line":67,"column":24},"end":{"line":69,"column":25}}],"line":67},"6":{"loc":{"start":{"line":72,"column":20},"end":{"line":85,"column":21}},"type":"if","locations":[{"start":{"line":72,"column":20},"end":{"line":85,"column":21}},{"start":{"line":72,"column":20},"end":{"line":85,"column":21}}],"line":72},"7":{"loc":{"start":{"line":101,"column":8},"end":{"line":110,"column":9}},"type":"if","locations":[{"start":{"line":101,"column":8},"end":{"line":110,"column":9}},{"start":{"line":101,"column":8},"end":{"line":110,"column":9}}],"line":101},"8":{"loc":{"start":{"line":101,"column":12},"end":{"line":104,"column":38}},"type":"binary-expr","locations":[{"start":{"line":101,"column":12},"end":{"line":101,"column":39}},{"start":{"line":102,"column":15},"end":{"line":102,"column":39}},{"start":{"line":103,"column":15},"end":{"line":103,"column":37}},{"start":{"line":104,"column":15},"end":{"line":104,"column":38}}],"line":101}},"s":{"0":1,"1":1,"2":1,"3":1,"4":1,"5":1,"6":0,"7":0,"8":0,"9":0,"10":0,"11":0,"12":0,"13":0,"14":0,"15":0,"16":0,"17":0,"18":0,"19":0,"20":0,"21":0,"22":0,"23":0,"24":0,"25":0,"26":0,"27":0,"28":0,"29":0,"30":0,"31":0,"32":0,"33":0,"34":0,"35":0,"36":0,"37":0,"38":0,"39":0,"40":0,"41":0,"42":0,"43":0,"44":0},"f":{"0":0},"b":{"0":[0,0],"1":[0,0],"2":[0,0],"3":[0,0],"4":[0,0],"5":[0,0],"6":[0,0],"7":[0,0],"8":[0,0,0,0]},"_coverageSchema":"43e27e138ebf9cfc5966b082cf9a028302ed4184","hash":"59f37b5249096124e5785e7e251510e1591d6edb","contentHash":"903b949d4b5335d698091a64443ba2542bd2623805267134cc22d31218d71e3c"},"/home/admin1/graphQL/Fundoo-Backend/middleware/axiosService.js":{"path":"/home/admin1/graphQL/Fundoo-Backend/middleware/axiosService.js","statementMap":{"0":{"start":{"line":1,"column":14},"end":{"line":1,"column":30}},"1":{"start":{"line":3,"column":0},"end":{"line":21,"column":1}},"2":{"start":{"line":4,"column":4},"end":{"line":20,"column":2}},"3":{"start":{"line":5,"column":1},"end":{"line":19,"column":2}},"4":{"start":{"line":14,"column":4},"end":{"line":14,"column":16}},"5":{"start":{"line":17,"column":4},"end":{"line":17,"column":47}},"6":{"start":{"line":18,"column":4},"end":{"line":18,"column":15}},"7":{"start":{"line":24,"column":0},"end":{"line":46,"column":1}},"8":{"start":{"line":25,"column":4},"end":{"line":45,"column":2}},"9":{"start":{"line":26,"column":4},"end":{"line":44,"column":2}},"10":{"start":{"line":40,"column":3},"end":{"line":40,"column":15}},"11":{"start":{"line":43,"column":4},"end":{"line":43,"column":15}},"12":{"start":{"line":47,"column":0},"end":{"line":62,"column":1}},"13":{"start":{"line":48,"column":4},"end":{"line":61,"column":2}},"14":{"start":{"line":49,"column":4},"end":{"line":59,"column":6}},"15":{"start":{"line":53,"column":8},"end":{"line":53,"column":32}},"16":{"start":{"line":54,"column":8},"end":{"line":54,"column":21}},"17":{"start":{"line":57,"column":8},"end":{"line":57,"column":32}},"18":{"start":{"line":58,"column":8},"end":{"line":58,"column":19}}},"fnMap":{"0":{"name":"(anonymous_0)","decl":{"start":{"line":3,"column":21},"end":{"line":3,"column":22}},"loc":{"start":{"line":3,"column":37},"end":{"line":21,"column":1}},"line":3},"1":{"name":"(anonymous_1)","decl":{"start":{"line":4,"column":23},"end":{"line":4,"column":24}},"loc":{"start":{"line":4,"column":42},"end":{"line":20,"column":1}},"line":4},"2":{"name":"(anonymous_2)","decl":{"start":{"line":13,"column":6},"end":{"line":13,"column":7}},"loc":{"start":{"line":13,"column":19},"end":{"line":15,"column":1}},"line":13},"3":{"name":"(anonymous_3)","decl":{"start":{"line":16,"column":7},"end":{"line":16,"column":8}},"loc":{"start":{"line":16,"column":20},"end":{"line":19,"column":1}},"line":16},"4":{"name":"(anonymous_4)","decl":{"start":{"line":24,"column":23},"end":{"line":24,"column":24}},"loc":{"start":{"line":24,"column":45},"end":{"line":46,"column":1}},"line":24},"5":{"name":"(anonymous_5)","decl":{"start":{"line":25,"column":23},"end":{"line":25,"column":24}},"loc":{"start":{"line":25,"column":42},"end":{"line":45,"column":1}},"line":25},"6":{"name":"(anonymous_6)","decl":{"start":{"line":39,"column":6},"end":{"line":39,"column":7}},"loc":{"start":{"line":39,"column":19},"end":{"line":41,"column":1}},"line":39},"7":{"name":"(anonymous_7)","decl":{"start":{"line":42,"column":7},"end":{"line":42,"column":8}},"loc":{"start":{"line":42,"column":20},"end":{"line":44,"column":1}},"line":42},"8":{"name":"(anonymous_8)","decl":{"start":{"line":47,"column":21},"end":{"line":47,"column":22}},"loc":{"start":{"line":47,"column":41},"end":{"line":62,"column":1}},"line":47},"9":{"name":"(anonymous_9)","decl":{"start":{"line":48,"column":23},"end":{"line":48,"column":24}},"loc":{"start":{"line":48,"column":41},"end":{"line":61,"column":1}},"line":48},"10":{"name":"(anonymous_10)","decl":{"start":{"line":52,"column":10},"end":{"line":52,"column":11}},"loc":{"start":{"line":52,"column":23},"end":{"line":55,"column":5}},"line":52},"11":{"name":"(anonymous_11)","decl":{"start":{"line":56,"column":11},"end":{"line":56,"column":12}},"loc":{"start":{"line":56,"column":24},"end":{"line":59,"column":5}},"line":56}},"branchMap":{},"s":{"0":1,"1":1,"2":4,"3":4,"4":3,"5":1,"6":1,"7":1,"8":1,"9":1,"10":1,"11":0,"12":1,"13":0,"14":0,"15":0,"16":0,"17":0,"18":0},"f":{"0":4,"1":4,"2":3,"3":1,"4":1,"5":1,"6":1,"7":0,"8":0,"9":0,"10":0,"11":0},"b":{},"_coverageSchema":"43e27e138ebf9cfc5966b082cf9a028302ed4184","hash":"72c6c8bab7e2254821f17f512cd55bbba45a1de4","contentHash":"c407e693b6a67abb36a6db764e18e28c986bce53a7802073d452ebdb4b26fe5c"},"/home/admin1/graphQL/Fundoo-Backend/GraphQL/Mutation/gitCollaborate.js":{"path":"/home/admin1/graphQL/Fundoo-Backend/GraphQL/Mutation/gitCollaborate.js","statementMap":{"0":{"start":{"line":1,"column":14},"end":{"line":1,"column":30}},"1":{"start":{"line":2,"column":18},"end":{"line":2,"column":53}},"2":{"start":{"line":3,"column":23},"end":{"line":3,"column":63}},"3":{"start":{"line":7,"column":0},"end":{"line":67,"column":1}},"4":{"start":{"line":9,"column":4},"end":{"line":66,"column":5}},"5":{"start":{"line":11,"column":28},"end":{"line":11,"column":53}},"6":{"start":{"line":13,"column":19},"end":{"line":13,"column":68}},"7":{"start":{"line":14,"column":8},"end":{"line":14,"column":36}},"8":{"start":{"line":15,"column":27},"end":{"line":15,"column":43}},"9":{"start":{"line":16,"column":8},"end":{"line":16,"column":47}},"10":{"start":{"line":18,"column":8},"end":{"line":57,"column":9}},"11":{"start":{"line":19,"column":12},"end":{"line":22,"column":13}},"12":{"start":{"line":26,"column":13},"end":{"line":57,"column":9}},"13":{"start":{"line":27,"column":12},"end":{"line":30,"column":13}},"14":{"start":{"line":35,"column":8},"end":{"line":54,"column":18}},"15":{"start":{"line":47,"column":20},"end":{"line":47,"column":53}},"16":{"start":{"line":53,"column":20},"end":{"line":53,"column":36}},"17":{"start":{"line":61,"column":8},"end":{"line":64,"column":9}},"18":{"start":{"line":69,"column":0},"end":{"line":130,"column":1}},"19":{"start":{"line":71,"column":4},"end":{"line":129,"column":5}},"20":{"start":{"line":73,"column":28},"end":{"line":73,"column":53}},"21":{"start":{"line":75,"column":19},"end":{"line":75,"column":68}},"22":{"start":{"line":76,"column":8},"end":{"line":76,"column":36}},"23":{"start":{"line":77,"column":27},"end":{"line":77,"column":43}},"24":{"start":{"line":78,"column":8},"end":{"line":78,"column":47}},"25":{"start":{"line":80,"column":8},"end":{"line":120,"column":9}},"26":{"start":{"line":81,"column":12},"end":{"line":84,"column":13}},"27":{"start":{"line":88,"column":13},"end":{"line":120,"column":9}},"28":{"start":{"line":89,"column":12},"end":{"line":92,"column":13}},"29":{"start":{"line":97,"column":13},"end":{"line":117,"column":18}},"30":{"start":{"line":110,"column":20},"end":{"line":110,"column":53}},"31":{"start":{"line":116,"column":20},"end":{"line":116,"column":36}},"32":{"start":{"line":124,"column":8},"end":{"line":127,"column":9}}},"fnMap":{"0":{"name":"(anonymous_0)","decl":{"start":{"line":7,"column":31},"end":{"line":7,"column":32}},"loc":{"start":{"line":7,"column":62},"end":{"line":67,"column":1}},"line":7},"1":{"name":"(anonymous_1)","decl":{"start":{"line":45,"column":22},"end":{"line":45,"column":23}},"loc":{"start":{"line":45,"column":42},"end":{"line":50,"column":17}},"line":45},"2":{"name":"(anonymous_2)","decl":{"start":{"line":52,"column":23},"end":{"line":52,"column":24}},"loc":{"start":{"line":52,"column":38},"end":{"line":54,"column":17}},"line":52},"3":{"name":"(anonymous_3)","decl":{"start":{"line":69,"column":31},"end":{"line":69,"column":32}},"loc":{"start":{"line":69,"column":62},"end":{"line":130,"column":1}},"line":69},"4":{"name":"(anonymous_4)","decl":{"start":{"line":108,"column":22},"end":{"line":108,"column":23}},"loc":{"start":{"line":108,"column":42},"end":{"line":113,"column":17}},"line":108},"5":{"name":"(anonymous_5)","decl":{"start":{"line":115,"column":23},"end":{"line":115,"column":24}},"loc":{"start":{"line":115,"column":38},"end":{"line":117,"column":17}},"line":115}},"branchMap":{"0":{"loc":{"start":{"line":9,"column":4},"end":{"line":66,"column":5}},"type":"if","locations":[{"start":{"line":9,"column":4},"end":{"line":66,"column":5}},{"start":{"line":9,"column":4},"end":{"line":66,"column":5}}],"line":9},"1":{"loc":{"start":{"line":18,"column":8},"end":{"line":57,"column":9}},"type":"if","locations":[{"start":{"line":18,"column":8},"end":{"line":57,"column":9}},{"start":{"line":18,"column":8},"end":{"line":57,"column":9}}],"line":18},"2":{"loc":{"start":{"line":26,"column":13},"end":{"line":57,"column":9}},"type":"if","locations":[{"start":{"line":26,"column":13},"end":{"line":57,"column":9}},{"start":{"line":26,"column":13},"end":{"line":57,"column":9}}],"line":26},"3":{"loc":{"start":{"line":71,"column":4},"end":{"line":129,"column":5}},"type":"if","locations":[{"start":{"line":71,"column":4},"end":{"line":129,"column":5}},{"start":{"line":71,"column":4},"end":{"line":129,"column":5}}],"line":71},"4":{"loc":{"start":{"line":80,"column":8},"end":{"line":120,"column":9}},"type":"if","locations":[{"start":{"line":80,"column":8},"end":{"line":120,"column":9}},{"start":{"line":80,"column":8},"end":{"line":120,"column":9}}],"line":80},"5":{"loc":{"start":{"line":88,"column":13},"end":{"line":120,"column":9}},"type":"if","locations":[{"start":{"line":88,"column":13},"end":{"line":120,"column":9}},{"start":{"line":88,"column":13},"end":{"line":120,"column":9}}],"line":88}},"s":{"0":1,"1":1,"2":1,"3":1,"4":0,"5":0,"6":0,"7":0,"8":0,"9":0,"10":0,"11":0,"12":0,"13":0,"14":0,"15":0,"16":0,"17":0,"18":1,"19":0,"20":0,"21":0,"22":0,"23":0,"24":0,"25":0,"26":0,"27":0,"28":0,"29":0,"30":0,"31":0,"32":0},"f":{"0":0,"1":0,"2":0,"3":0,"4":0,"5":0},"b":{"0":[0,0],"1":[0,0],"2":[0,0],"3":[0,0],"4":[0,0],"5":[0,0]},"_coverageSchema":"43e27e138ebf9cfc5966b082cf9a028302ed4184","hash":"d2df309ba72299c22201e704ee5b202007b7b66c","contentHash":"29908f7ae691002a4854f0463554b6b62d4f5376428676c471c77465aff3ddc7"},"/home/admin1/graphQL/Fundoo-Backend/GraphQL/Mutation/gitStar.js":{"path":"/home/admin1/graphQL/Fundoo-Backend/GraphQL/Mutation/gitStar.js","statementMap":{"0":{"start":{"line":1,"column":18},"end":{"line":1,"column":53}},"1":{"start":{"line":2,"column":23},"end":{"line":2,"column":63}},"2":{"start":{"line":3,"column":30},"end":{"line":3,"column":53}},"3":{"start":{"line":4,"column":18},"end":{"line":4,"column":53}},"4":{"start":{"line":12,"column":0},"end":{"line":74,"column":1}},"5":{"start":{"line":14,"column":4},"end":{"line":73,"column":5}},"6":{"start":{"line":16,"column":8},"end":{"line":68,"column":9}},"7":{"start":{"line":18,"column":32},"end":{"line":18,"column":57}},"8":{"start":{"line":20,"column":23},"end":{"line":20,"column":72}},"9":{"start":{"line":21,"column":31},"end":{"line":21,"column":47}},"10":{"start":{"line":22,"column":12},"end":{"line":22,"column":51}},"11":{"start":{"line":24,"column":12},"end":{"line":67,"column":13}},"12":{"start":{"line":25,"column":16},"end":{"line":28,"column":17}},"13":{"start":{"line":32,"column":17},"end":{"line":67,"column":13}},"14":{"start":{"line":33,"column":16},"end":{"line":36,"column":17}},"15":{"start":{"line":41,"column":32},"end":{"line":43,"column":18}},"16":{"start":{"line":44,"column":16},"end":{"line":44,"column":53}},"17":{"start":{"line":45,"column":28},"end":{"line":57,"column":18}},"18":{"start":{"line":61,"column":16},"end":{"line":61,"column":56}},"19":{"start":{"line":63,"column":16},"end":{"line":65,"column":17}},"20":{"start":{"line":72,"column":8},"end":{"line":72,"column":24}},"21":{"start":{"line":85,"column":1},"end":{"line":138,"column":1}},"22":{"start":{"line":87,"column":4},"end":{"line":137,"column":5}},"23":{"start":{"line":88,"column":8},"end":{"line":88,"column":47}},"24":{"start":{"line":89,"column":8},"end":{"line":132,"column":9}},"25":{"start":{"line":91,"column":32},"end":{"line":91,"column":57}},"26":{"start":{"line":93,"column":23},"end":{"line":93,"column":72}},"27":{"start":{"line":94,"column":31},"end":{"line":94,"column":47}},"28":{"start":{"line":95,"column":12},"end":{"line":95,"column":51}},"29":{"start":{"line":97,"column":12},"end":{"line":131,"column":13}},"30":{"start":{"line":98,"column":16},"end":{"line":101,"column":17}},"31":{"start":{"line":105,"column":17},"end":{"line":131,"column":13}},"32":{"start":{"line":106,"column":16},"end":{"line":109,"column":17}},"33":{"start":{"line":114,"column":32},"end":{"line":116,"column":18}},"34":{"start":{"line":117,"column":16},"end":{"line":117,"column":53}},"35":{"start":{"line":118,"column":28},"end":{"line":121,"column":18}},"36":{"start":{"line":125,"column":16},"end":{"line":125,"column":56}},"37":{"start":{"line":127,"column":16},"end":{"line":129,"column":17}},"38":{"start":{"line":136,"column":8},"end":{"line":136,"column":24}}},"fnMap":{"0":{"name":"(anonymous_0)","decl":{"start":{"line":12,"column":24},"end":{"line":12,"column":25}},"loc":{"start":{"line":12,"column":57},"end":{"line":74,"column":1}},"line":12},"1":{"name":"(anonymous_1)","decl":{"start":{"line":85,"column":25},"end":{"line":85,"column":26}},"loc":{"start":{"line":85,"column":58},"end":{"line":138,"column":1}},"line":85}},"branchMap":{"0":{"loc":{"start":{"line":16,"column":8},"end":{"line":68,"column":9}},"type":"if","locations":[{"start":{"line":16,"column":8},"end":{"line":68,"column":9}},{"start":{"line":16,"column":8},"end":{"line":68,"column":9}}],"line":16},"1":{"loc":{"start":{"line":24,"column":12},"end":{"line":67,"column":13}},"type":"if","locations":[{"start":{"line":24,"column":12},"end":{"line":67,"column":13}},{"start":{"line":24,"column":12},"end":{"line":67,"column":13}}],"line":24},"2":{"loc":{"start":{"line":32,"column":17},"end":{"line":67,"column":13}},"type":"if","locations":[{"start":{"line":32,"column":17},"end":{"line":67,"column":13}},{"start":{"line":32,"column":17},"end":{"line":67,"column":13}}],"line":32},"3":{"loc":{"start":{"line":89,"column":8},"end":{"line":132,"column":9}},"type":"if","locations":[{"start":{"line":89,"column":8},"end":{"line":132,"column":9}},{"start":{"line":89,"column":8},"end":{"line":132,"column":9}}],"line":89},"4":{"loc":{"start":{"line":97,"column":12},"end":{"line":131,"column":13}},"type":"if","locations":[{"start":{"line":97,"column":12},"end":{"line":131,"column":13}},{"start":{"line":97,"column":12},"end":{"line":131,"column":13}}],"line":97},"5":{"loc":{"start":{"line":105,"column":17},"end":{"line":131,"column":13}},"type":"if","locations":[{"start":{"line":105,"column":17},"end":{"line":131,"column":13}},{"start":{"line":105,"column":17},"end":{"line":131,"column":13}}],"line":105}},"s":{"0":1,"1":1,"2":1,"3":1,"4":1,"5":1,"6":1,"7":1,"8":1,"9":1,"10":1,"11":1,"12":0,"13":1,"14":0,"15":1,"16":1,"17":1,"18":1,"19":1,"20":0,"21":1,"22":1,"23":1,"24":1,"25":1,"26":1,"27":1,"28":1,"29":1,"30":0,"31":1,"32":0,"33":1,"34":1,"35":1,"36":1,"37":1,"38":0},"f":{"0":1,"1":1},"b":{"0":[1,0],"1":[0,1],"2":[0,1],"3":[1,0],"4":[0,1],"5":[0,1]},"_coverageSchema":"43e27e138ebf9cfc5966b082cf9a028302ed4184","hash":"9084f0572a01961f875df0d54074364c9751377e","contentHash":"019d1e7c89e5da772387db3f027a84646a4d9a8fbde54436b335b2f6f2560481"},"/home/admin1/graphQL/Fundoo-Backend/GraphQL/Mutation/gitWatch.js":{"path":"/home/admin1/graphQL/Fundoo-Backend/GraphQL/Mutation/gitWatch.js","statementMap":{"0":{"start":{"line":1,"column":23},"end":{"line":1,"column":63}},"1":{"start":{"line":2,"column":18},"end":{"line":2,"column":53}},"2":{"start":{"line":3,"column":23},"end":{"line":3,"column":63}},"3":{"start":{"line":5,"column":30},"end":{"line":5,"column":73}},"4":{"start":{"line":12,"column":0},"end":{"line":62,"column":1}},"5":{"start":{"line":13,"column":17},"end":{"line":16,"column":5}},"6":{"start":{"line":18,"column":4},"end":{"line":61,"column":5}},"7":{"start":{"line":19,"column":8},"end":{"line":21,"column":9}},"8":{"start":{"line":20,"column":12},"end":{"line":20,"column":72}},"9":{"start":{"line":22,"column":8},"end":{"line":44,"column":9}},"10":{"start":{"line":23,"column":32},"end":{"line":23,"column":57}},"11":{"start":{"line":24,"column":23},"end":{"line":24,"column":72}},"12":{"start":{"line":25,"column":31},"end":{"line":25,"column":47}},"13":{"start":{"line":26,"column":12},"end":{"line":40,"column":17}},"14":{"start":{"line":27,"column":16},"end":{"line":27,"column":55}},"15":{"start":{"line":29,"column":17},"end":{"line":40,"column":17}},"16":{"start":{"line":30,"column":16},"end":{"line":30,"column":60}},"17":{"start":{"line":33,"column":25},"end":{"line":33,"column":123}},"18":{"start":{"line":34,"column":26},"end":{"line":34,"column":56}},"19":{"start":{"line":35,"column":16},"end":{"line":35,"column":32}},"20":{"start":{"line":36,"column":20},"end":{"line":39,"column":21}},"21":{"start":{"line":43,"column":12},"end":{"line":43,"column":50}},"22":{"start":{"line":47,"column":8},"end":{"line":47,"column":34}},"23":{"start":{"line":48,"column":8},"end":{"line":60,"column":9}},"24":{"start":{"line":54,"column":12},"end":{"line":54,"column":26}},"25":{"start":{"line":58,"column":12},"end":{"line":58,"column":39}},"26":{"start":{"line":59,"column":12},"end":{"line":59,"column":26}},"27":{"start":{"line":72,"column":0},"end":{"line":127,"column":1}},"28":{"start":{"line":74,"column":17},"end":{"line":77,"column":5}},"29":{"start":{"line":78,"column":4},"end":{"line":126,"column":5}},"30":{"start":{"line":79,"column":8},"end":{"line":81,"column":9}},"31":{"start":{"line":80,"column":12},"end":{"line":80,"column":72}},"32":{"start":{"line":83,"column":8},"end":{"line":112,"column":13}},"33":{"start":{"line":85,"column":32},"end":{"line":85,"column":57}},"34":{"start":{"line":87,"column":23},"end":{"line":87,"column":72}},"35":{"start":{"line":88,"column":12},"end":{"line":88,"column":40}},"36":{"start":{"line":89,"column":31},"end":{"line":89,"column":47}},"37":{"start":{"line":90,"column":12},"end":{"line":90,"column":51}},"38":{"start":{"line":92,"column":12},"end":{"line":107,"column":15}},"39":{"start":{"line":93,"column":16},"end":{"line":93,"column":54}},"40":{"start":{"line":97,"column":17},"end":{"line":107,"column":15}},"41":{"start":{"line":98,"column":16},"end":{"line":98,"column":59}},"42":{"start":{"line":101,"column":21},"end":{"line":101,"column":119}},"43":{"start":{"line":102,"column":21},"end":{"line":102,"column":53}},"44":{"start":{"line":103,"column":17},"end":{"line":106,"column":18}},"45":{"start":{"line":111,"column":12},"end":{"line":111,"column":49}},"46":{"start":{"line":116,"column":8},"end":{"line":125,"column":9}},"47":{"start":{"line":120,"column":12},"end":{"line":120,"column":26}},"48":{"start":{"line":123,"column":12},"end":{"line":123,"column":38}},"49":{"start":{"line":124,"column":12},"end":{"line":124,"column":25}}},"fnMap":{"0":{"name":"(anonymous_0)","decl":{"start":{"line":12,"column":25},"end":{"line":12,"column":26}},"loc":{"start":{"line":12,"column":58},"end":{"line":62,"column":1}},"line":12},"1":{"name":"(anonymous_1)","decl":{"start":{"line":72,"column":25},"end":{"line":72,"column":26}},"loc":{"start":{"line":72,"column":58},"end":{"line":127,"column":1}},"line":72}},"branchMap":{"0":{"loc":{"start":{"line":19,"column":8},"end":{"line":21,"column":9}},"type":"if","locations":[{"start":{"line":19,"column":8},"end":{"line":21,"column":9}},{"start":{"line":19,"column":8},"end":{"line":21,"column":9}}],"line":19},"1":{"loc":{"start":{"line":19,"column":12},"end":{"line":19,"column":51}},"type":"binary-expr","locations":[{"start":{"line":19,"column":12},"end":{"line":19,"column":27}},{"start":{"line":19,"column":31},"end":{"line":19,"column":51}}],"line":19},"2":{"loc":{"start":{"line":22,"column":8},"end":{"line":44,"column":9}},"type":"if","locations":[{"start":{"line":22,"column":8},"end":{"line":44,"column":9}},{"start":{"line":22,"column":8},"end":{"line":44,"column":9}}],"line":22},"3":{"loc":{"start":{"line":26,"column":12},"end":{"line":40,"column":17}},"type":"if","locations":[{"start":{"line":26,"column":12},"end":{"line":40,"column":17}},{"start":{"line":26,"column":12},"end":{"line":40,"column":17}}],"line":26},"4":{"loc":{"start":{"line":29,"column":17},"end":{"line":40,"column":17}},"type":"if","locations":[{"start":{"line":29,"column":17},"end":{"line":40,"column":17}},{"start":{"line":29,"column":17},"end":{"line":40,"column":17}}],"line":29},"5":{"loc":{"start":{"line":48,"column":8},"end":{"line":60,"column":9}},"type":"if","locations":[{"start":{"line":48,"column":8},"end":{"line":60,"column":9}},{"start":{"line":48,"column":8},"end":{"line":60,"column":9}}],"line":48},"6":{"loc":{"start":{"line":48,"column":12},"end":{"line":51,"column":38}},"type":"binary-expr","locations":[{"start":{"line":48,"column":12},"end":{"line":48,"column":39}},{"start":{"line":49,"column":15},"end":{"line":49,"column":39}},{"start":{"line":50,"column":15},"end":{"line":50,"column":37}},{"start":{"line":51,"column":15},"end":{"line":51,"column":38}}],"line":48},"7":{"loc":{"start":{"line":79,"column":8},"end":{"line":81,"column":9}},"type":"if","locations":[{"start":{"line":79,"column":8},"end":{"line":81,"column":9}},{"start":{"line":79,"column":8},"end":{"line":81,"column":9}}],"line":79},"8":{"loc":{"start":{"line":79,"column":12},"end":{"line":79,"column":51}},"type":"binary-expr","locations":[{"start":{"line":79,"column":12},"end":{"line":79,"column":27}},{"start":{"line":79,"column":31},"end":{"line":79,"column":51}}],"line":79},"9":
[...]
umn":23},"end":{"line":3,"column":63}},"3":{"start":{"line":7,"column":0},"end":{"line":75,"column":1}},"4":{"start":{"line":9,"column":4},"end":{"line":74,"column":5}},"5":{"start":{"line":11,"column":28},"end":{"line":11,"column":53}},"6":{"start":{"line":13,"column":19},"end":{"line":13,"column":68}},"7":{"start":{"line":14,"column":8},"end":{"line":14,"column":36}},"8":{"start":{"line":15,"column":27},"end":{"line":15,"column":43}},"9":{"start":{"line":16,"column":8},"end":{"line":16,"column":47}},"10":{"start":{"line":18,"column":8},"end":{"line":65,"column":9}},"11":{"start":{"line":19,"column":12},"end":{"line":22,"column":13}},"12":{"start":{"line":26,"column":13},"end":{"line":65,"column":9}},"13":{"start":{"line":27,"column":12},"end":{"line":30,"column":13}},"14":{"start":{"line":35,"column":12},"end":{"line":62,"column":18}},"15":{"start":{"line":55,"column":20},"end":{"line":55,"column":53}},"16":{"start":{"line":61,"column":20},"end":{"line":61,"column":36}},"17":{"start":{"line":69,"column":8},"end":{"line":72,"column":9}}},"fnMap":{"0":{"name":"(anonymous_0)","decl":{"start":{"line":7,"column":25},"end":{"line":7,"column":26}},"loc":{"start":{"line":7,"column":56},"end":{"line":75,"column":1}},"line":7},"1":{"name":"(anonymous_1)","decl":{"start":{"line":53,"column":22},"end":{"line":53,"column":23}},"loc":{"start":{"line":53,"column":42},"end":{"line":58,"column":17}},"line":53},"2":{"name":"(anonymous_2)","decl":{"start":{"line":60,"column":23},"end":{"line":60,"column":24}},"loc":{"start":{"line":60,"column":38},"end":{"line":62,"column":17}},"line":60}},"branchMap":{"0":{"loc":{"start":{"line":9,"column":4},"end":{"line":74,"column":5}},"type":"if","locations":[{"start":{"line":9,"column":4},"end":{"line":74,"column":5}},{"start":{"line":9,"column":4},"end":{"line":74,"column":5}}],"line":9},"1":{"loc":{"start":{"line":18,"column":8},"end":{"line":65,"column":9}},"type":"if","locations":[{"start":{"line":18,"column":8},"end":{"line":65,"column":9}},{"start":{"line":18,"column":8},"end":{"line":65,"column":9}}],"line":18},"2":{"loc":{"start":{"line":26,"column":13},"end":{"line":65,"column":9}},"type":"if","locations":[{"start":{"line":26,"column":13},"end":{"line":65,"column":9}},{"start":{"line":26,"column":13},"end":{"line":65,"column":9}}],"line":26}},"s":{"0":1,"1":1,"2":1,"3":1,"4":0,"5":0,"6":0,"7":0,"8":0,"9":0,"10":0,"11":0,"12":0,"13":0,"14":0,"15":0,"16":0,"17":0},"f":{"0":0,"1":0,"2":0},"b":{"0":[0,0],"1":[0,0],"2":[0,0]},"_coverageSchema":"43e27e138ebf9cfc5966b082cf9a028302ed4184","hash":"7dd95d8cebda4d3c9d447e7079a9c7605988edd8","contentHash":"477d322cdae9c30e46eb23ac571c0d630ad135597763e4d153e64157a75434b8"},"/home/admin1/graphQL/Fundoo-Backend/GraphQL/Mutation/gitIssue.js":{"path":"/home/admin1/graphQL/Fundoo-Backend/GraphQL/Mutation/gitIssue.js","statementMap":{"0":{"start":{"line":1,"column":18},"end":{"line":1,"column":53}},"1":{"start":{"line":2,"column":23},"end":{"line":2,"column":63}},"2":{"start":{"line":3,"column":30},"end":{"line":3,"column":53}},"3":{"start":{"line":4,"column":19},"end":{"line":4,"column":55}},"4":{"start":{"line":12,"column":0},"end":{"line":77,"column":1}},"5":{"start":{"line":14,"column":4},"end":{"line":76,"column":5}},"6":{"start":{"line":15,"column":8},"end":{"line":15,"column":48}},"7":{"start":{"line":16,"column":8},"end":{"line":71,"column":9}},"8":{"start":{"line":18,"column":32},"end":{"line":18,"column":57}},"9":{"start":{"line":20,"column":23},"end":{"line":20,"column":72}},"10":{"start":{"line":21,"column":31},"end":{"line":21,"column":47}},"11":{"start":{"line":22,"column":12},"end":{"line":22,"column":51}},"12":{"start":{"line":24,"column":12},"end":{"line":70,"column":13}},"13":{"start":{"line":25,"column":16},"end":{"line":28,"column":17}},"14":{"start":{"line":32,"column":17},"end":{"line":70,"column":13}},"15":{"start":{"line":33,"column":16},"end":{"line":36,"column":17}},"16":{"start":{"line":41,"column":32},"end":{"line":43,"column":18}},"17":{"start":{"line":44,"column":16},"end":{"line":44,"column":53}},"18":{"start":{"line":45,"column":28},"end":{"line":48,"column":18}},"19":{"start":{"line":52,"column":16},"end":{"line":52,"column":56}},"20":{"start":{"line":53,"column":30},"end":{"line":53,"column":61}},"21":{"start":{"line":56,"column":32},"end":{"line":61,"column":18}},"22":{"start":{"line":62,"column":36},"end":{"line":62,"column":58}},"23":{"start":{"line":63,"column":16},"end":{"line":63,"column":61}},"24":{"start":{"line":66,"column":16},"end":{"line":68,"column":17}},"25":{"start":{"line":75,"column":8},"end":{"line":75,"column":24}},"26":{"start":{"line":87,"column":0},"end":{"line":150,"column":1}},"27":{"start":{"line":89,"column":4},"end":{"line":149,"column":5}},"28":{"start":{"line":91,"column":8},"end":{"line":143,"column":9}},"29":{"start":{"line":93,"column":32},"end":{"line":93,"column":57}},"30":{"start":{"line":95,"column":23},"end":{"line":95,"column":72}},"31":{"start":{"line":96,"column":31},"end":{"line":96,"column":47}},"32":{"start":{"line":97,"column":12},"end":{"line":97,"column":51}},"33":{"start":{"line":99,"column":12},"end":{"line":142,"column":13}},"34":{"start":{"line":100,"column":16},"end":{"line":103,"column":17}},"35":{"start":{"line":107,"column":17},"end":{"line":142,"column":13}},"36":{"start":{"line":108,"column":16},"end":{"line":111,"column":17}},"37":{"start":{"line":115,"column":35},"end":{"line":115,"column":97}},"38":{"start":{"line":116,"column":16},"end":{"line":116,"column":57}},"39":{"start":{"line":117,"column":16},"end":{"line":141,"column":17}},"40":{"start":{"line":118,"column":36},"end":{"line":120,"column":22}},"41":{"start":{"line":121,"column":20},"end":{"line":121,"column":57}},"42":{"start":{"line":122,"column":20},"end":{"line":128,"column":22}},"43":{"start":{"line":129,"column":20},"end":{"line":133,"column":21}},"44":{"start":{"line":136,"column":20},"end":{"line":140,"column":21}},"45":{"start":{"line":148,"column":8},"end":{"line":148,"column":24}},"46":{"start":{"line":161,"column":0},"end":{"line":233,"column":1}},"47":{"start":{"line":163,"column":4},"end":{"line":232,"column":5}},"48":{"start":{"line":165,"column":8},"end":{"line":227,"column":9}},"49":{"start":{"line":167,"column":32},"end":{"line":167,"column":57}},"50":{"start":{"line":169,"column":23},"end":{"line":169,"column":72}},"51":{"start":{"line":170,"column":31},"end":{"line":170,"column":47}},"52":{"start":{"line":171,"column":12},"end":{"line":171,"column":51}},"53":{"start":{"line":173,"column":12},"end":{"line":226,"column":13}},"54":{"start":{"line":174,"column":16},"end":{"line":177,"column":17}},"55":{"start":{"line":181,"column":17},"end":{"line":226,"column":13}},"56":{"start":{"line":182,"column":16},"end":{"line":185,"column":17}},"57":{"start":{"line":189,"column":37},"end":{"line":197,"column":17}},"58":{"start":{"line":198,"column":16},"end":{"line":198,"column":69}},"59":{"start":{"line":199,"column":16},"end":{"line":199,"column":72}},"60":{"start":{"line":200,"column":16},"end":{"line":200,"column":64}},"61":{"start":{"line":201,"column":16},"end":{"line":206,"column":17}},"62":{"start":{"line":202,"column":20},"end":{"line":205,"column":21}},"63":{"start":{"line":209,"column":32},"end":{"line":211,"column":18}},"64":{"start":{"line":212,"column":16},"end":{"line":212,"column":53}},"65":{"start":{"line":213,"column":28},"end":{"line":215,"column":18}},"66":{"start":{"line":219,"column":16},"end":{"line":219,"column":56}},"67":{"start":{"line":221,"column":16},"end":{"line":223,"column":17}},"68":{"start":{"line":231,"column":8},"end":{"line":231,"column":24}},"69":{"start":{"line":245,"column":0},"end":{"line":306,"column":1}},"70":{"start":{"line":247,"column":4},"end":{"line":305,"column":5}},"71":{"start":{"line":249,"column":8},"end":{"line":300,"column":9}},"72":{"start":{"line":251,"column":32},"end":{"line":251,"column":57}},"73":{"start":{"line":253,"column":23},"end":{"line":253,"column":72}},"74":{"start":{"line":254,"column":31},"end":{"line":254,"column":47}},"75":{"start":{"line":255,"column":12},"end":{"line":255,"column":51}},"76":{"start":{"line":257,"column":12},"end":{"line":299,"column":13}},"77":{"start":{"line":258,"column":16},"end":{"line":261,"column":17}},"78":{"start":{"line":265,"column":17},"end":{"line":299,"column":13}},"79":{"start":{"line":266,"column":16},"end":{"line":269,"column":17}},"80":{"start":{"line":274,"column":32},"end":{"line":276,"column":18}},"81":{"start":{"line":277,"column":16},"end":{"line":277,"column":53}},"82":{"start":{"line":278,"column":28},"end":{"line":281,"column":18}},"83":{"start":{"line":285,"column":16},"end":{"line":285,"column":83}},"84":{"start":{"line":286,"column":30},"end":{"line":286,"column":62}},"85":{"start":{"line":288,"column":35},"end":{"line":293,"column":22}},"86":{"start":{"line":294,"column":16},"end":{"line":294,"column":41}},"87":{"start":{"line":295,"column":16},"end":{"line":297,"column":17}},"88":{"start":{"line":304,"column":8},"end":{"line":304,"column":24}}},"fnMap":{"0":{"name":"(anonymous_0)","decl":{"start":{"line":12,"column":25},"end":{"line":12,"column":26}},"loc":{"start":{"line":12,"column":58},"end":{"line":77,"column":1}},"line":12},"1":{"name":"(anonymous_1)","decl":{"start":{"line":87,"column":25},"end":{"line":87,"column":26}},"loc":{"start":{"line":87,"column":58},"end":{"line":150,"column":1}},"line":87},"2":{"name":"(anonymous_2)","decl":{"start":{"line":161,"column":25},"end":{"line":161,"column":26}},"loc":{"start":{"line":161,"column":58},"end":{"line":233,"column":1}},"line":161},"3":{"name":"(anonymous_3)","decl":{"start":{"line":245,"column":29},"end":{"line":245,"column":30}},"loc":{"start":{"line":245,"column":62},"end":{"line":306,"column":1}},"line":245}},"branchMap":{"0":{"loc":{"start":{"line":16,"column":8},"end":{"line":71,"column":9}},"type":"if","locations":[{"start":{"line":16,"column":8},"end":{"line":71,"column":9}},{"start":{"line":16,"column":8},"end":{"line":71,"column":9}}],"line":16},"1":{"loc":{"start":{"line":24,"column":12},"end":{"line":70,"column":13}},"type":"if","locations":[{"start":{"line":24,"column":12},"end":{"line":70,"column":13}},{"start":{"line":24,"column":12},"end":{"line":70,"column":13}}],"line":24},"2":{"loc":{"start":{"line":32,"column":17},"end":{"line":70,"column":13}},"type":"if","locations":[{"start":{"line":32,"column":17},"end":{"line":70,"column":13}},{"start":{"line":32,"column":17},"end":{"line":70,"column":13}}],"line":32},"3":{"loc":{"start":{"line":91,"column":8},"end":{"line":143,"column":9}},"type":"if","locations":[{"start":{"line":91,"column":8},"end":{"line":143,"column":9}},{"start":{"line":91,"column":8},"end":{"line":143,"column":9}}],"line":91},"4":{"loc":{"start":{"line":99,"column":12},"end":{"line":142,"column":13}},"type":"if","locations":[{"start":{"line":99,"column":12},"end":{"line":142,"column":13}},{"start":{"line":99,"column":12},"end":{"line":142,"column":13}}],"line":99},"5":{"loc":{"start":{"line":107,"column":17},"end":{"line":142,"column":13}},"type":"if","locations":[{"start":{"line":107,"column":17},"end":{"line":142,"column":13}},{"start":{"line":107,"column":17},"end":{"line":142,"column":13}}],"line":107},"6":{"loc":{"start":{"line":117,"column":16},"end":{"line":141,"column":17}},"type":"if","locations":[{"start":{"line":117,"column":16},"end":{"line":141,"column":17}},{"start":{"line":117,"column":16},"end":{"line":141,"column":17}}],"line":117},"7":{"loc":{"start":{"line":165,"column":8},"end":{"line":227,"column":9}},"type":"if","locations":[{"start":{"line":165,"column":8},"end":{"line":227,"column":9}},{"start":{"line":165,"column":8},"end":{"line":227,"column":9}}],"line":165},"8":{"loc":{"start":{"line":173,"column":12},"end":{"line":226,"column":13}},"type":"if","locations":[{"start":{"line":173,"column":12},"end":{"line":226,"column":13}},{"start":{"line":173,"column":12},"end":{"line":226,"column":13}}],"line":173},"9":{"loc":{"start":{"line":181,"column":17},"end":{"line":226,"column":13}},"type":"if","locations":[{"start":{"line":181,"column":17},"end":{"line":226,"column":13}},{"start":{"line":181,"column":17},"end":{"line":226,"column":13}}],"line":181},"10":{"loc":{"start":{"line":201,"column":16},"end":{"line":206,"column":17}},"type":"if","locations":[{"start":{"line":201,"column":16},"end":{"line":206,"column":17}},{"start":{"line":201,"column":16},"end":{"line":206,"column":17}}],"line":201},"11":{"loc":{"start":{"line":249,"column":8},"end":{"line":300,"column":9}},"type":"if","locations":[{"start":{"line":249,"column":8},"end":{"line":300,"column":9}},{"start":{"line":249,"column":8},"end":{"line":300,"column":9}}],"line":249},"12":{"loc":{"start":{"line":257,"column":12},"end":{"line":299,"column":13}},"type":"if","locations":[{"start":{"line":257,"column":12},"end":{"line":299,"column":13}},{"start":{"line":257,"column":12},"end":{"line":299,"column":13}}],"line":257},"13":{"loc":{"start":{"line":265,"column":17},"end":{"line":299,"column":13}},"type":"if","locations":[{"start":{"line":265,"column":17},"end":{"line":299,"column":13}},{"start":{"line":265,"column":17},"end":{"line":299,"column":13}}],"line":265}},"s":{"0":1,"1":1,"2":1,"3":1,"4":1,"5":1,"6":1,"7":1,"8":1,"9":1,"10":1,"11":1,"12":1,"13":0,"14":1,"15":0,"16":1,"17":1,"18":1,"19":1,"20":1,"21":1,"22":1,"23":1,"24":1,"25":0,"26":1,"27":1,"28":1,"29":1,"30":1,"31":1,"32":1,"33":1,"34":0,"35":1,"36":0,"37":1,"38":1,"39":1,"40":0,"41":0,"42":0,"43":0,"44":1,"45":0,"46":1,"47":1,"48":1,"49":1,"50":1,"51":1,"52":1,"53":1,"54":0,"55":1,"56":0,"57":1,"58":1,"59":0,"60":0,"61":0,"62":0,"63":0,"64":0,"65":0,"66":0,"67":0,"68":1,"69":1,"70":0,"71":0,"72":0,"73":0,"74":0,"75":0,"76":0,"77":0,"78":0,"79":0,"80":0,"81":0,"82":0,"83":0,"84":0,"85":0,"86":0,"87":0,"88":0},"f":{"0":1,"1":1,"2":1,"3":0},"b":{"0":[1,0],"1":[0,1],"2":[0,1],"3":[1,0],"4":[0,1],"5":[0,1],"6":[0,1],"7":[1,0],"8":[0,1],"9":[0,1],"10":[0,0],"11":[0,0],"12":[0,0],"13":[0,0]},"_coverageSchema":"43e27e138ebf9cfc5966b082cf9a028302ed4184","hash":"58fb1fb39644bc3b71bcf4148b37a5d8adef7efe","contentHash":"6dde762ad6b5817e1b56d238248deebf7575d5a22247978be6387aefd7545097"},"/home/admin1/graphQL/Fundoo-Backend/mongoDb/IssueSchema.js":{"path":"/home/admin1/graphQL/Fundoo-Backend/mongoDb/IssueSchema.js","statementMap":{"0":{"start":{"line":1,"column":15},"end":{"line":1,"column":34}},"1":{"start":{"line":2,"column":16},"end":{"line":25,"column":1}},"2":{"start":{"line":26,"column":0},"end":{"line":26,"column":51}}},"fnMap":{},"branchMap":{},"s":{"0":1,"1":1,"2":1},"f":{},"b":{},"_coverageSchema":"43e27e138ebf9cfc5966b082cf9a028302ed4184","hash":"0a3552b0c8993aa6b9b05440b0ccf3fa73ef56d6","contentHash":"265dbbb882acf29aeaf5e29be7830e37ce22e2a88d4a19710f93fe97dce47f07"},"/home/admin1/graphQL/Fundoo-Backend/GraphQL/Mutation/searchNotes.js":{"path":"/home/admin1/graphQL/Fundoo-Backend/GraphQL/Mutation/searchNotes.js","statementMap":{"0":{"start":{"line":1,"column":23},"end":{"line":1,"column":63}},"1":{"start":{"line":2,"column":18},"end":{"line":2,"column":53}},"2":{"start":{"line":3,"column":0},"end":{"line":34,"column":5}},"3":{"start":{"line":4,"column":15},"end":{"line":7,"column":5}},"4":{"start":{"line":8,"column":4},"end":{"line":33,"column":5}},"5":{"start":{"line":9,"column":4},"end":{"line":20,"column":5}},"6":{"start":{"line":10,"column":24},"end":{"line":10,"column":49}},"7":{"start":{"line":11,"column":21},"end":{"line":11,"column":47}},"8":{"start":{"line":12,"column":4},"end":{"line":16,"column":5}},"9":{"start":{"line":13,"column":16},"end":{"line":13,"column":83}},"10":{"start":{"line":14,"column":4},"end":{"line":14,"column":22}},"11":{"start":{"line":15,"column":4},"end":{"line":15,"column":16}},"12":{"start":{"line":19,"column":4},"end":{"line":19,"column":41}},"13":{"start":{"line":23,"column":8},"end":{"line":32,"column":9}},"14":{"start":{"line":27,"column":12},"end":{"line":27,"column":26}},"15":{"start":{"line":30,"column":12},"end":{"line":30,"column":39}},"16":{"start":{"line":31,"column":12},"end":{"line":31,"column":25}}},"fnMap":{"0":{"name":"(anonymous_0)","decl":{"start":{"line":3,"column":21},"end":{"line":3,"column":22}},"loc":{"start":{"line":3,"column":52},"end":{"line":34,"column":5}},"line":3}},"branchMap":{"0":{"loc":{"start":{"line":9,"column":4},"end":{"line":20,"column":5}},"type":"if","locations":[{"start":{"line":9,"column":4},"end":{"line":20,"column":5}},{"start":{"line":9,"column":4},"end":{"line":20,"column":5}}],"line":9},"1":{"loc":{"start":{"line":12,"column":4},"end":{"line":16,"column":5}},"type":"if","locations":[{"start":{"line":12,"column":4},"end":{"line":16,"column":5}},{"start":{"line":12,"column":4},"end":{"line":16,"column":5}}],"line":12},"2":{"loc":{"start":{"line":23,"column":8},"end":{"line":32,"column":9}},"type":"if","locations":[{"start":{"line":23,"column":8},"end":{"line":32,"column":9}},{"start":{"line":23,"column":8},"end":{"line":32,"column":9}}],"line":23},"3":{"loc":{"start":{"line":23,"column":12},"end":{"line":26,"column":38}},"type":"binary-expr","locations":[{"start":{"line":23,"column":12},"end":{"line":23,"column":39}},{"start":{"line":24,"column":15},"end":{"line":24,"column":39}},{"start":{"line":25,"column":15},"end":{"line":25,"column":37}},{"start":{"line":26,"column":15},"end":{"line":26,"column":38}}],"line":23}},"s":{"0":1,"1":1,"2":1,"3":0,"4":0,"5":0,"6":0,"7":0,"8":0,"9":0,"10":0,"11":0,"12":0,"13":0,"14":0,"15":0,"16":0},"f":{"0":0},"b":{"0":[0,0],"1":[0,0],"2":[0,0],"3":[0,0,0,0]},"_coverageSchema":"43e27e138ebf9cfc5966b082cf9a028302ed4184","hash":"8ff3a7871d0f1f0fc5be547da2ba38289325b7c8","contentHash":"1cb0cd9ee7e83e5fd22d38c6ffe24edb5ed00f156562a954aad878f7230379ff"},"/home/admin1/graphQL/Fundoo-Backend/GraphQL/types/types.js":{"path":"/home/admin1/graphQL/Fundoo-Backend/GraphQL/types/types.js","statementMap":{"0":{"start":{"line":1,"column":16},"end":{"line":1,"column":40}},"1":{"start":{"line":5,"column":17},"end":{"line":102,"column":2}},"2":{"start":{"line":104,"column":0},"end":{"line":104,"column":29}}},"fnMap":{},"branchMap":{},"s":{"0":1,"1":1,"2":1},"f":{},"b":{},"_coverageSchema":"43e27e138ebf9cfc5966b082cf9a028302ed4184","hash":"de2b8fee93e379061b528d9519d62f3ed442f0a9","contentHash":"710d9bdea3844db88ad56f8109090d698d3fed01e2514742f22dc8353683b06d"},"/home/admin1/graphQL/Fundoo-Backend/config/dbConfig.js":{"path":"/home/admin1/graphQL/Fundoo-Backend/config/dbConfig.js","statementMap":{"0":{"start":{"line":1,"column":0},"end":{"line":3,"column":1}}},"fnMap":{},"branchMap":{},"s":{"0":1},"f":{},"b":{},"_coverageSchema":"43e27e138ebf9cfc5966b082cf9a028302ed4184","hash":"69a5ee7ff93637fe60330800ec972e7f9585f091","contentHash":"00066131b1eed6601db9007095fb49ccfd1c5e5cf878e43359348e7c70669c76"},"/home/admin1/graphQL/Fundoo-Backend/config/redisConfig.js":{"path":"/home/admin1/graphQL/Fundoo-Backend/config/redisConfig.js","statementMap":{"0":{"start":{"line":1,"column":13},"end":{"line":1,"column":29}},"1":{"start":{"line":2,"column":15},"end":{"line":7,"column":2}},"2":{"start":{"line":10,"column":0},"end":{"line":12,"column":2}},"3":{"start":{"line":11,"column":4},"end":{"line":11,"column":48}},"4":{"start":{"line":15,"column":0},"end":{"line":17,"column":2}},"5":{"start":{"line":16,"column":4},"end":{"line":16,"column":41}}},"fnMap":{"0":{"name":"(anonymous_0)","decl":{"start":{"line":10,"column":20},"end":{"line":10,"column":21}},"loc":{"start":{"line":10,"column":30},"end":{"line":12,"column":1}},"line":10},"1":{"name":"(anonymous_1)","decl":{"start":{"line":15,"column":18},"end":{"line":15,"column":19}},"loc":{"start":{"line":15,"column":33},"end":{"line":17,"column":1}},"line":15}},"branchMap":{},"s":{"0":1,"1":1,"2":1,"3":1,"4":1,"5":0},"f":{"0":1,"1":0},"b":{},"_coverageSchema":"43e27e138ebf9cfc5966b082cf9a028302ed4184","hash":"7ecf684f3084118e8a6e24c3d2ed88371d43f209","contentHash":"080024a6c2d475535ee5be3bc8f66ef699beae9153c75fa3fdbaea5c9db3a73e"}}